2024-11-24 19:42:22,929 - <BrokerConnection node_id=1001 host=localhost:9092 <connecting> [IPv6 ('::1', 9092, 0, 0)]>: connecting to localhost:9092 [('::1', 9092, 0, 0) IPv6]
2024-11-24 19:42:22,930 - <BrokerConnection node_id=1001 host=localhost:9092 <connecting> [IPv6 ('::1', 9092, 0, 0)]>: Connection complete.
2024-11-24 19:42:22,930 - <BrokerConnection node_id=bootstrap-0 host=localhost:9092 <connected> [IPv6 ('::1', 9092, 0, 0)]>: Closing connection. 
2024-11-24 19:42:23,079 - Batch 1 sent. Records processed: 1000/280800
2024-11-24 19:42:23,416 - Batch 2 sent. Records processed: 2000/280800
2024-11-24 19:42:23,892 - Batch 3 sent. Records processed: 3000/280800
2024-11-24 19:42:24,233 - Batch 4 sent. Records processed: 4000/280800
2024-11-24 19:42:24,579 - Batch 5 sent. Records processed: 5000/280800
2024-11-24 19:42:24,901 - Batch 6 sent. Records processed: 6000/280800
2024-11-24 19:42:25,241 - Batch 7 sent. Records processed: 7000/280800
2024-11-24 19:42:25,575 - Batch 8 sent. Records processed: 8000/280800
2024-11-24 19:42:25,903 - Batch 9 sent. Records processed: 9000/280800
2024-11-24 19:42:26,245 - Batch 10 sent. Records processed: 10000/280800
2024-11-24 19:42:26,593 - Batch 11 sent. Records processed: 11000/280800
2024-11-24 19:42:26,932 - Batch 12 sent. Records processed: 12000/280800
2024-11-24 19:42:27,289 - Batch 13 sent. Records processed: 13000/280800
2024-11-24 19:42:27,665 - Batch 14 sent. Records processed: 14000/280800
2024-11-24 19:42:28,000 - Batch 15 sent. Records processed: 15000/280800
2024-11-24 19:42:28,352 - Batch 16 sent. Records processed: 16000/280800
2024-11-24 19:42:28,695 - Batch 17 sent. Records processed: 17000/280800
2024-11-24 19:42:29,031 - Batch 18 sent. Records processed: 18000/280800
2024-11-24 19:42:29,368 - Batch 19 sent. Records processed: 19000/280800
2024-11-24 19:42:29,698 - Batch 20 sent. Records processed: 20000/280800
2024-11-24 19:42:30,030 - Batch 21 sent. Records processed: 21000/280800
2024-11-24 19:42:30,369 - Batch 22 sent. Records processed: 22000/280800
2024-11-24 19:42:30,698 - Batch 23 sent. Records processed: 23000/280800
2024-11-24 19:42:31,033 - Batch 24 sent. Records processed: 24000/280800
2024-11-24 19:42:31,386 - Batch 25 sent. Records processed: 25000/280800
2024-11-24 19:42:31,704 - Batch 26 sent. Records processed: 26000/280800
2024-11-24 19:42:32,043 - Batch 27 sent. Records processed: 27000/280800
2024-11-24 19:42:32,355 - Batch 28 sent. Records processed: 28000/280800
2024-11-24 19:42:32,692 - Batch 29 sent. Records processed: 29000/280800
2024-11-24 19:42:33,021 - Batch 30 sent. Records processed: 30000/280800
2024-11-24 19:42:33,352 - Batch 31 sent. Records processed: 31000/280800
2024-11-24 19:42:33,688 - Batch 32 sent. Records processed: 32000/280800
2024-11-24 19:42:34,022 - Batch 33 sent. Records processed: 33000/280800
2024-11-24 19:42:34,348 - Batch 34 sent. Records processed: 34000/280800
2024-11-24 19:42:34,671 - Batch 35 sent. Records processed: 35000/280800
2024-11-24 19:42:35,038 - Batch 36 sent. Records processed: 36000/280800
2024-11-24 19:42:35,367 - Batch 37 sent. Records processed: 37000/280800
2024-11-24 19:42:35,709 - Batch 38 sent. Records processed: 38000/280800
2024-11-24 19:42:36,092 - Batch 39 sent. Records processed: 39000/280800
2024-11-24 19:42:36,456 - Batch 40 sent. Records processed: 40000/280800
2024-11-24 19:42:36,800 - Batch 41 sent. Records processed: 41000/280800
2024-11-24 19:42:37,125 - Batch 42 sent. Records processed: 42000/280800
2024-11-24 19:42:37,464 - Batch 43 sent. Records processed: 43000/280800
2024-11-24 19:42:37,799 - Batch 44 sent. Records processed: 44000/280800
2024-11-24 19:42:38,151 - Batch 45 sent. Records processed: 45000/280800
2024-11-24 19:42:38,480 - Batch 46 sent. Records processed: 46000/280800
2024-11-24 19:42:38,820 - Batch 47 sent. Records processed: 47000/280800
2024-11-24 19:42:39,178 - Batch 48 sent. Records processed: 48000/280800
2024-11-24 19:42:39,503 - Batch 49 sent. Records processed: 49000/280800
2024-11-24 19:42:39,852 - Batch 50 sent. Records processed: 50000/280800
2024-11-24 19:42:40,233 - Batch 51 sent. Records processed: 51000/280800
2024-11-24 19:42:40,564 - Batch 52 sent. Records processed: 52000/280800
2024-11-24 19:42:40,892 - Batch 53 sent. Records processed: 53000/280800
2024-11-24 19:42:41,221 - Batch 54 sent. Records processed: 54000/280800
2024-11-24 19:42:41,591 - Batch 55 sent. Records processed: 55000/280800
2024-11-24 19:42:41,951 - Batch 56 sent. Records processed: 56000/280800
2024-11-24 19:42:42,277 - Batch 57 sent. Records processed: 57000/280800
2024-11-24 19:42:42,639 - Batch 58 sent. Records processed: 58000/280800
2024-11-24 19:42:42,979 - Batch 59 sent. Records processed: 59000/280800
2024-11-24 19:42:43,315 - Batch 60 sent. Records processed: 60000/280800
2024-11-24 19:42:43,642 - Batch 61 sent. Records processed: 61000/280800
2024-11-24 19:42:43,996 - Batch 62 sent. Records processed: 62000/280800
2024-11-24 19:42:44,345 - Batch 63 sent. Records processed: 63000/280800
2024-11-24 19:42:44,671 - Batch 64 sent. Records processed: 64000/280800
2024-11-24 19:42:45,029 - Batch 65 sent. Records processed: 65000/280800
2024-11-24 19:42:45,370 - Batch 66 sent. Records processed: 66000/280800
2024-11-24 19:42:45,734 - Batch 67 sent. Records processed: 67000/280800
2024-11-24 19:42:46,054 - Batch 68 sent. Records processed: 68000/280800
2024-11-24 19:42:46,378 - Batch 69 sent. Records processed: 69000/280800
2024-11-24 19:42:46,702 - Batch 70 sent. Records processed: 70000/280800
2024-11-24 19:42:47,050 - Batch 71 sent. Records processed: 71000/280800
2024-11-24 19:42:47,394 - Batch 72 sent. Records processed: 72000/280800
2024-11-24 19:42:47,734 - Batch 73 sent. Records processed: 73000/280800
2024-11-24 19:42:48,086 - Batch 74 sent. Records processed: 74000/280800
2024-11-24 19:42:48,431 - Batch 75 sent. Records processed: 75000/280800
2024-11-24 19:42:48,771 - Batch 76 sent. Records processed: 76000/280800
2024-11-24 19:42:49,112 - Batch 77 sent. Records processed: 77000/280800
2024-11-24 19:42:49,460 - Batch 78 sent. Records processed: 78000/280800
2024-11-24 19:42:49,806 - Batch 79 sent. Records processed: 79000/280800
2024-11-24 19:42:50,129 - Batch 80 sent. Records processed: 80000/280800
2024-11-24 19:42:50,462 - Batch 81 sent. Records processed: 81000/280800
2024-11-24 19:42:50,787 - Batch 82 sent. Records processed: 82000/280800
2024-11-24 19:42:51,103 - Batch 83 sent. Records processed: 83000/280800
2024-11-24 19:42:51,449 - Batch 84 sent. Records processed: 84000/280800
2024-11-24 19:42:51,794 - Batch 85 sent. Records processed: 85000/280800
2024-11-24 19:42:52,108 - Batch 86 sent. Records processed: 86000/280800
2024-11-24 19:42:52,426 - Batch 87 sent. Records processed: 87000/280800
2024-11-24 19:42:52,744 - Batch 88 sent. Records processed: 88000/280800
2024-11-24 19:42:53,076 - Batch 89 sent. Records processed: 89000/280800
2024-11-24 19:42:53,397 - Batch 90 sent. Records processed: 90000/280800
2024-11-24 19:42:53,714 - Batch 91 sent. Records processed: 91000/280800
2024-11-24 19:42:54,002 - Batch 92 sent. Records processed: 92000/280800
2024-11-24 19:42:54,338 - Batch 93 sent. Records processed: 93000/280800
2024-11-24 19:42:54,658 - Batch 94 sent. Records processed: 94000/280800
2024-11-24 19:42:54,959 - Batch 95 sent. Records processed: 95000/280800
2024-11-24 19:42:55,208 - Batch 96 sent. Records processed: 96000/280800
2024-11-24 19:42:55,640 - Batch 97 sent. Records processed: 97000/280800
2024-11-24 19:42:55,970 - Batch 98 sent. Records processed: 98000/280800
2024-11-24 19:42:56,318 - Batch 99 sent. Records processed: 99000/280800
2024-11-24 19:42:56,642 - Batch 100 sent. Records processed: 100000/280800
2024-11-24 19:42:56,978 - Batch 101 sent. Records processed: 101000/280800
2024-11-24 19:42:57,294 - Batch 102 sent. Records processed: 102000/280800
2024-11-24 19:42:57,618 - Batch 103 sent. Records processed: 103000/280800
2024-11-24 19:42:57,978 - Batch 104 sent. Records processed: 104000/280800
2024-11-24 19:42:58,314 - Batch 105 sent. Records processed: 105000/280800
2024-11-24 19:42:58,632 - Batch 106 sent. Records processed: 106000/280800
2024-11-24 19:42:58,979 - Batch 107 sent. Records processed: 107000/280800
2024-11-24 19:42:59,313 - Batch 108 sent. Records processed: 108000/280800
2024-11-24 19:42:59,635 - Batch 109 sent. Records processed: 109000/280800
2024-11-24 19:42:59,959 - Batch 110 sent. Records processed: 110000/280800
2024-11-24 19:43:00,280 - Batch 111 sent. Records processed: 111000/280800
2024-11-24 19:43:00,608 - Batch 112 sent. Records processed: 112000/280800
2024-11-24 19:43:00,929 - Batch 113 sent. Records processed: 113000/280800
2024-11-24 19:43:01,239 - Batch 114 sent. Records processed: 114000/280800
2024-11-24 19:43:01,587 - Batch 115 sent. Records processed: 115000/280800
2024-11-24 19:43:01,926 - Batch 116 sent. Records processed: 116000/280800
2024-11-24 19:43:02,258 - Batch 117 sent. Records processed: 117000/280800
2024-11-24 19:43:02,601 - Batch 118 sent. Records processed: 118000/280800
2024-11-24 19:43:02,924 - Batch 119 sent. Records processed: 119000/280800
2024-11-24 19:43:03,243 - Batch 120 sent. Records processed: 120000/280800
2024-11-24 19:43:03,573 - Batch 121 sent. Records processed: 121000/280800
2024-11-24 19:43:03,939 - Batch 122 sent. Records processed: 122000/280800
2024-11-24 19:43:04,258 - Batch 123 sent. Records processed: 123000/280800
2024-11-24 19:43:04,581 - Batch 124 sent. Records processed: 124000/280800
2024-11-24 19:43:04,888 - Batch 125 sent. Records processed: 125000/280800
2024-11-24 19:43:05,260 - Batch 126 sent. Records processed: 126000/280800
2024-11-24 19:43:05,605 - Batch 127 sent. Records processed: 127000/280800
2024-11-24 19:43:05,941 - Batch 128 sent. Records processed: 128000/280800
2024-11-24 19:43:06,274 - Batch 129 sent. Records processed: 129000/280800
2024-11-24 19:43:06,602 - Batch 130 sent. Records processed: 130000/280800
2024-11-24 19:43:06,928 - Batch 131 sent. Records processed: 131000/280800
2024-11-24 19:43:07,254 - Batch 132 sent. Records processed: 132000/280800
2024-11-24 19:43:07,587 - Batch 133 sent. Records processed: 133000/280800
2024-11-24 19:43:07,910 - Batch 134 sent. Records processed: 134000/280800
2024-11-24 19:43:08,258 - Batch 135 sent. Records processed: 135000/280800
2024-11-24 19:43:08,589 - Batch 136 sent. Records processed: 136000/280800
2024-11-24 19:43:08,920 - Batch 137 sent. Records processed: 137000/280800
2024-11-24 19:43:09,242 - Batch 138 sent. Records processed: 138000/280800
2024-11-24 19:43:09,562 - Batch 139 sent. Records processed: 139000/280800
2024-11-24 19:43:09,910 - Batch 140 sent. Records processed: 140000/280800
2024-11-24 19:43:10,279 - Batch 141 sent. Records processed: 141000/280800
2024-11-24 19:43:10,607 - Batch 142 sent. Records processed: 142000/280800
2024-11-24 19:43:10,939 - Batch 143 sent. Records processed: 143000/280800
2024-11-24 19:43:11,284 - Batch 144 sent. Records processed: 144000/280800
2024-11-24 19:43:11,590 - Batch 145 sent. Records processed: 145000/280800
2024-11-24 19:43:11,957 - Batch 146 sent. Records processed: 146000/280800
2024-11-24 19:43:12,273 - Batch 147 sent. Records processed: 147000/280800
2024-11-24 19:43:12,595 - Batch 148 sent. Records processed: 148000/280800
2024-11-24 19:43:12,941 - Batch 149 sent. Records processed: 149000/280800
2024-11-24 19:43:13,278 - Batch 150 sent. Records processed: 150000/280800
2024-11-24 19:43:13,603 - Batch 151 sent. Records processed: 151000/280800
2024-11-24 19:43:13,953 - Batch 152 sent. Records processed: 152000/280800
2024-11-24 19:43:14,279 - Batch 153 sent. Records processed: 153000/280800
2024-11-24 19:43:14,611 - Batch 154 sent. Records processed: 154000/280800
2024-11-24 19:43:14,923 - Batch 155 sent. Records processed: 155000/280800
2024-11-24 19:43:15,234 - Batch 156 sent. Records processed: 156000/280800
2024-11-24 19:43:15,575 - Batch 157 sent. Records processed: 157000/280800
2024-11-24 19:43:15,892 - Batch 158 sent. Records processed: 158000/280800
2024-11-24 19:43:16,223 - Batch 159 sent. Records processed: 159000/280800
2024-11-24 19:43:16,512 - Batch 160 sent. Records processed: 160000/280800
2024-11-24 19:43:16,859 - Batch 161 sent. Records processed: 161000/280800
2024-11-24 19:43:17,177 - Batch 162 sent. Records processed: 162000/280800
2024-11-24 19:43:17,508 - Batch 163 sent. Records processed: 163000/280800
2024-11-24 19:43:17,810 - Batch 164 sent. Records processed: 164000/280800
2024-11-24 19:43:18,157 - Batch 165 sent. Records processed: 165000/280800
2024-11-24 19:43:18,472 - Batch 166 sent. Records processed: 166000/280800
2024-11-24 19:43:18,792 - Batch 167 sent. Records processed: 167000/280800
2024-11-24 19:43:19,147 - Batch 168 sent. Records processed: 168000/280800
2024-11-24 19:43:19,490 - Batch 169 sent. Records processed: 169000/280800
2024-11-24 19:43:19,822 - Batch 170 sent. Records processed: 170000/280800
2024-11-24 19:43:20,148 - Batch 171 sent. Records processed: 171000/280800
2024-11-24 19:43:20,459 - Batch 172 sent. Records processed: 172000/280800
2024-11-24 19:43:20,770 - Batch 173 sent. Records processed: 173000/280800
2024-11-24 19:43:21,082 - Batch 174 sent. Records processed: 174000/280800
2024-11-24 19:43:21,402 - Batch 175 sent. Records processed: 175000/280800
2024-11-24 19:43:21,711 - Batch 176 sent. Records processed: 176000/280800
2024-11-24 19:43:22,025 - Batch 177 sent. Records processed: 177000/280800
2024-11-24 19:43:22,339 - Batch 178 sent. Records processed: 178000/280800
2024-11-24 19:43:22,662 - Batch 179 sent. Records processed: 179000/280800
2024-11-24 19:43:23,011 - Batch 180 sent. Records processed: 180000/280800
2024-11-24 19:43:23,329 - Batch 181 sent. Records processed: 181000/280800
2024-11-24 19:43:23,641 - Batch 182 sent. Records processed: 182000/280800
2024-11-24 19:43:23,971 - Batch 183 sent. Records processed: 183000/280800
2024-11-24 19:43:24,301 - Batch 184 sent. Records processed: 184000/280800
2024-11-24 19:43:24,615 - Batch 185 sent. Records processed: 185000/280800
2024-11-24 19:43:24,956 - Batch 186 sent. Records processed: 186000/280800
2024-11-24 19:43:25,286 - Batch 187 sent. Records processed: 187000/280800
2024-11-24 19:43:25,639 - Batch 188 sent. Records processed: 188000/280800
2024-11-24 19:43:25,994 - Batch 189 sent. Records processed: 189000/280800
2024-11-24 19:43:26,313 - Batch 190 sent. Records processed: 190000/280800
2024-11-24 19:43:26,621 - Batch 191 sent. Records processed: 191000/280800
2024-11-24 19:43:26,890 - Batch 192 sent. Records processed: 192000/280800
2024-11-24 19:43:27,253 - Batch 193 sent. Records processed: 193000/280800
2024-11-24 19:43:27,584 - Batch 194 sent. Records processed: 194000/280800
2024-11-24 19:43:27,904 - Batch 195 sent. Records processed: 195000/280800
2024-11-24 19:43:28,250 - Batch 196 sent. Records processed: 196000/280800
2024-11-24 19:43:28,579 - Batch 197 sent. Records processed: 197000/280800
2024-11-24 19:43:28,894 - Batch 198 sent. Records processed: 198000/280800
2024-11-24 19:43:29,190 - Batch 199 sent. Records processed: 199000/280800
2024-11-24 19:43:29,517 - Batch 200 sent. Records processed: 200000/280800
2024-11-24 19:43:29,857 - Batch 201 sent. Records processed: 201000/280800
2024-11-24 19:43:30,172 - Batch 202 sent. Records processed: 202000/280800
2024-11-24 19:43:30,498 - Batch 203 sent. Records processed: 203000/280800
2024-11-24 19:43:30,820 - Batch 204 sent. Records processed: 204000/280800
2024-11-24 19:43:31,155 - Batch 205 sent. Records processed: 205000/280800
2024-11-24 19:43:31,473 - Batch 206 sent. Records processed: 206000/280800
2024-11-24 19:43:31,801 - Batch 207 sent. Records processed: 207000/280800
2024-11-24 19:43:32,116 - Batch 208 sent. Records processed: 208000/280800
2024-11-24 19:43:32,443 - Batch 209 sent. Records processed: 209000/280800
2024-11-24 19:43:32,761 - Batch 210 sent. Records processed: 210000/280800
2024-11-24 19:43:33,090 - Batch 211 sent. Records processed: 211000/280800
2024-11-24 19:43:33,402 - Batch 212 sent. Records processed: 212000/280800
2024-11-24 19:43:33,730 - Batch 213 sent. Records processed: 213000/280800
2024-11-24 19:43:34,049 - Batch 214 sent. Records processed: 214000/280800
2024-11-24 19:43:34,370 - Batch 215 sent. Records processed: 215000/280800
2024-11-24 19:43:34,696 - Batch 216 sent. Records processed: 216000/280800
2024-11-24 19:43:35,033 - Batch 217 sent. Records processed: 217000/280800
2024-11-24 19:43:35,368 - Batch 218 sent. Records processed: 218000/280800
2024-11-24 19:43:35,680 - Batch 219 sent. Records processed: 219000/280800
2024-11-24 19:43:35,990 - Batch 220 sent. Records processed: 220000/280800
2024-11-24 19:43:36,340 - Batch 221 sent. Records processed: 221000/280800
2024-11-24 19:43:36,666 - Batch 222 sent. Records processed: 222000/280800
2024-11-24 19:43:36,986 - Batch 223 sent. Records processed: 223000/280800
2024-11-24 19:43:37,319 - Batch 224 sent. Records processed: 224000/280800
2024-11-24 19:43:37,649 - Batch 225 sent. Records processed: 225000/280800
2024-11-24 19:43:37,968 - Batch 226 sent. Records processed: 226000/280800
2024-11-24 19:43:38,289 - Batch 227 sent. Records processed: 227000/280800
2024-11-24 19:43:38,607 - Batch 228 sent. Records processed: 228000/280800
2024-11-24 19:43:38,922 - Batch 229 sent. Records processed: 229000/280800
2024-11-24 19:43:39,247 - Batch 230 sent. Records processed: 230000/280800
2024-11-24 19:43:39,569 - Batch 231 sent. Records processed: 231000/280800
2024-11-24 19:43:39,891 - Batch 232 sent. Records processed: 232000/280800
2024-11-24 19:43:40,207 - Batch 233 sent. Records processed: 233000/280800
2024-11-24 19:43:40,530 - Batch 234 sent. Records processed: 234000/280800
2024-11-24 19:43:40,863 - Batch 235 sent. Records processed: 235000/280800
2024-11-24 19:43:41,179 - Batch 236 sent. Records processed: 236000/280800
2024-11-24 19:43:41,493 - Batch 237 sent. Records processed: 237000/280800
2024-11-24 19:43:41,805 - Batch 238 sent. Records processed: 238000/280800
2024-11-24 19:43:42,160 - Batch 239 sent. Records processed: 239000/280800
2024-11-24 19:43:42,488 - Batch 240 sent. Records processed: 240000/280800
2024-11-24 19:43:42,811 - Batch 241 sent. Records processed: 241000/280800
2024-11-24 19:43:43,161 - Batch 242 sent. Records processed: 242000/280800
2024-11-24 19:43:43,482 - Batch 243 sent. Records processed: 243000/280800
2024-11-24 19:43:43,800 - Batch 244 sent. Records processed: 244000/280800
2024-11-24 19:43:44,131 - Batch 245 sent. Records processed: 245000/280800
2024-11-24 19:43:44,488 - Batch 246 sent. Records processed: 246000/280800
2024-11-24 19:43:44,814 - Batch 247 sent. Records processed: 247000/280800
2024-11-24 19:43:45,131 - Batch 248 sent. Records processed: 248000/280800
2024-11-24 19:43:45,451 - Batch 249 sent. Records processed: 249000/280800
2024-11-24 19:43:45,771 - Batch 250 sent. Records processed: 250000/280800
2024-11-24 19:43:46,108 - Batch 251 sent. Records processed: 251000/280800
2024-11-24 19:43:46,448 - Batch 252 sent. Records processed: 252000/280800
2024-11-24 19:43:46,759 - Batch 253 sent. Records processed: 253000/280800
2024-11-24 19:43:47,076 - Batch 254 sent. Records processed: 254000/280800
2024-11-24 19:43:47,404 - Batch 255 sent. Records processed: 255000/280800
2024-11-24 19:43:47,756 - Batch 256 sent. Records processed: 256000/280800
2024-11-24 19:43:48,076 - Batch 257 sent. Records processed: 257000/280800
2024-11-24 19:43:48,400 - Batch 258 sent. Records processed: 258000/280800
2024-11-24 19:43:48,722 - Batch 259 sent. Records processed: 259000/280800
2024-11-24 19:43:49,043 - Batch 260 sent. Records processed: 260000/280800
2024-11-24 19:43:49,427 - Batch 261 sent. Records processed: 261000/280800
2024-11-24 19:43:49,785 - Batch 262 sent. Records processed: 262000/280800
2024-11-24 19:43:50,099 - Batch 263 sent. Records processed: 263000/280800
2024-11-24 19:43:50,419 - Batch 264 sent. Records processed: 264000/280800
2024-11-24 19:43:50,746 - Batch 265 sent. Records processed: 265000/280800
2024-11-24 19:43:51,114 - Batch 266 sent. Records processed: 266000/280800
2024-11-24 19:43:51,449 - Batch 267 sent. Records processed: 267000/280800
2024-11-24 19:43:51,855 - Batch 268 sent. Records processed: 268000/280800
2024-11-24 19:43:52,170 - Batch 269 sent. Records processed: 269000/280800
2024-11-24 19:43:52,498 - Batch 270 sent. Records processed: 270000/280800
2024-11-24 19:43:52,810 - Batch 271 sent. Records processed: 271000/280800
2024-11-24 19:43:53,162 - Batch 272 sent. Records processed: 272000/280800
2024-11-24 19:43:53,487 - Batch 273 sent. Records processed: 273000/280800
2024-11-24 19:43:53,834 - Batch 274 sent. Records processed: 274000/280800
2024-11-24 19:43:54,168 - Batch 275 sent. Records processed: 275000/280800
2024-11-24 19:43:54,502 - Batch 276 sent. Records processed: 276000/280800
2024-11-24 19:43:54,886 - Batch 277 sent. Records processed: 277000/280800
2024-11-24 19:43:55,240 - Batch 278 sent. Records processed: 278000/280800
2024-11-24 19:43:55,569 - Batch 279 sent. Records processed: 279000/280800
2024-11-24 19:43:55,918 - Batch 280 sent. Records processed: 280000/280800
2024-11-24 19:43:56,190 - Batch 281 sent. Records processed: 280800/280800
2024-11-24 19:43:56,293 - Streaming completed. Total records sent: 280800
2024-11-24 19:43:56,293 - Closing the Kafka producer with 4294967.0 secs timeout.
2024-11-24 19:43:56,293 - <BrokerConnection node_id=1001 host=localhost:9092 <connected> [IPv6 ('::1', 9092, 0, 0)]>: Closing connection. 
2024-11-24 19:43:56,294 - Kafka Producer closed.
2024-11-24 19:43:56,299 - An error occurred: RecordAccumulator is closed
2024-11-24 19:43:56,299 - Kafka producer closed
2024-11-24 19:43:56,299 - Kafka Producer closed.
2024-11-24 19:49:44,924 - <BrokerConnection node_id=1001 host=localhost:9092 <connecting> [IPv6 ('::1', 9092, 0, 0)]>: connecting to localhost:9092 [('::1', 9092, 0, 0) IPv6]
2024-11-24 19:49:44,925 - <BrokerConnection node_id=1001 host=localhost:9092 <connecting> [IPv6 ('::1', 9092, 0, 0)]>: Connection complete.
2024-11-24 19:49:44,926 - <BrokerConnection node_id=bootstrap-0 host=localhost:9092 <connected> [IPv6 ('::1', 9092, 0, 0)]>: Closing connection. 
2024-11-24 19:49:45,200 - Batch 1 sent. Records processed: 1000/280800
2024-11-24 19:49:45,553 - Batch 2 sent. Records processed: 2000/280800
2024-11-24 19:49:45,871 - Batch 3 sent. Records processed: 3000/280800
2024-11-24 19:49:46,200 - Batch 4 sent. Records processed: 4000/280800
2024-11-24 19:49:46,517 - Batch 5 sent. Records processed: 5000/280800
2024-11-24 19:49:46,829 - Batch 6 sent. Records processed: 6000/280800
2024-11-24 19:49:47,143 - Batch 7 sent. Records processed: 7000/280800
2024-11-24 19:49:47,470 - Batch 8 sent. Records processed: 8000/280800
2024-11-24 19:49:47,837 - Batch 9 sent. Records processed: 9000/280800
2024-11-24 19:49:48,164 - Batch 10 sent. Records processed: 10000/280800
2024-11-24 19:49:48,476 - Batch 11 sent. Records processed: 11000/280800
2024-11-24 19:49:48,789 - Batch 12 sent. Records processed: 12000/280800
2024-11-24 19:49:49,116 - Batch 13 sent. Records processed: 13000/280800
2024-11-24 19:49:49,435 - Batch 14 sent. Records processed: 14000/280800
2024-11-24 19:49:49,748 - Batch 15 sent. Records processed: 15000/280800
2024-11-24 19:49:50,061 - Batch 16 sent. Records processed: 16000/280800
2024-11-24 19:49:50,394 - Batch 17 sent. Records processed: 17000/280800
2024-11-24 19:49:50,720 - Batch 18 sent. Records processed: 18000/280800
2024-11-24 19:49:51,038 - Batch 19 sent. Records processed: 19000/280800
2024-11-24 19:49:51,361 - Batch 20 sent. Records processed: 20000/280800
2024-11-24 19:49:51,683 - Batch 21 sent. Records processed: 21000/280800
2024-11-24 19:49:51,999 - Batch 22 sent. Records processed: 22000/280800
2024-11-24 19:49:52,316 - Batch 23 sent. Records processed: 23000/280800
2024-11-24 19:49:52,638 - Batch 24 sent. Records processed: 24000/280800
2024-11-24 19:49:52,961 - Batch 25 sent. Records processed: 25000/280800
2024-11-24 19:49:53,279 - Batch 26 sent. Records processed: 26000/280800
2024-11-24 19:49:53,592 - Batch 27 sent. Records processed: 27000/280800
2024-11-24 19:49:53,905 - Batch 28 sent. Records processed: 28000/280800
2024-11-24 19:49:54,232 - Batch 29 sent. Records processed: 29000/280800
2024-11-24 19:49:54,549 - Batch 30 sent. Records processed: 30000/280800
2024-11-24 19:49:54,878 - Batch 31 sent. Records processed: 31000/280800
2024-11-24 19:49:55,191 - Batch 32 sent. Records processed: 32000/280800
2024-11-24 19:49:55,529 - Batch 33 sent. Records processed: 33000/280800
2024-11-24 19:49:55,872 - Batch 34 sent. Records processed: 34000/280800
2024-11-24 19:49:56,188 - Batch 35 sent. Records processed: 35000/280800
2024-11-24 19:49:56,508 - Batch 36 sent. Records processed: 36000/280800
2024-11-24 19:49:56,820 - Batch 37 sent. Records processed: 37000/280800
2024-11-24 19:49:57,138 - Batch 38 sent. Records processed: 38000/280800
2024-11-24 19:49:57,464 - Batch 39 sent. Records processed: 39000/280800
2024-11-24 19:49:57,794 - Batch 40 sent. Records processed: 40000/280800
2024-11-24 19:49:58,114 - Batch 41 sent. Records processed: 41000/280800
2024-11-24 19:49:58,441 - Batch 42 sent. Records processed: 42000/280800
2024-11-24 19:49:58,773 - Batch 43 sent. Records processed: 43000/280800
2024-11-24 19:49:59,088 - Batch 44 sent. Records processed: 44000/280800
2024-11-24 19:49:59,410 - Batch 45 sent. Records processed: 45000/280800
2024-11-24 19:49:59,723 - Batch 46 sent. Records processed: 46000/280800
2024-11-24 19:50:00,043 - Batch 47 sent. Records processed: 47000/280800
2024-11-24 19:50:00,358 - Batch 48 sent. Records processed: 48000/280800
2024-11-24 19:50:00,677 - Batch 49 sent. Records processed: 49000/280800
2024-11-24 19:50:00,995 - Batch 50 sent. Records processed: 50000/280800
2024-11-24 19:50:01,317 - Batch 51 sent. Records processed: 51000/280800
2024-11-24 19:50:01,634 - Batch 52 sent. Records processed: 52000/280800
2024-11-24 19:50:01,951 - Batch 53 sent. Records processed: 53000/280800
2024-11-24 19:50:02,266 - Batch 54 sent. Records processed: 54000/280800
2024-11-24 19:50:02,584 - Batch 55 sent. Records processed: 55000/280800
2024-11-24 19:50:02,912 - Batch 56 sent. Records processed: 56000/280800
2024-11-24 19:50:03,223 - Batch 57 sent. Records processed: 57000/280800
2024-11-24 19:50:03,529 - Batch 58 sent. Records processed: 58000/280800
2024-11-24 19:50:03,844 - Batch 59 sent. Records processed: 59000/280800
2024-11-24 19:50:04,167 - Batch 60 sent. Records processed: 60000/280800
2024-11-24 19:50:04,485 - Batch 61 sent. Records processed: 61000/280800
2024-11-24 19:50:04,826 - Batch 62 sent. Records processed: 62000/280800
2024-11-24 19:50:05,212 - Batch 63 sent. Records processed: 63000/280800
2024-11-24 19:50:05,545 - Batch 64 sent. Records processed: 64000/280800
2024-11-24 19:50:05,859 - Batch 65 sent. Records processed: 65000/280800
2024-11-24 19:50:06,203 - Batch 66 sent. Records processed: 66000/280800
2024-11-24 19:50:06,530 - Batch 67 sent. Records processed: 67000/280800
2024-11-24 19:50:06,855 - Batch 68 sent. Records processed: 68000/280800
2024-11-24 19:50:07,185 - Batch 69 sent. Records processed: 69000/280800
2024-11-24 19:50:07,520 - Batch 70 sent. Records processed: 70000/280800
2024-11-24 19:50:07,845 - Batch 71 sent. Records processed: 71000/280800
2024-11-24 19:50:08,181 - Batch 72 sent. Records processed: 72000/280800
2024-11-24 19:50:08,520 - Batch 73 sent. Records processed: 73000/280800
2024-11-24 19:50:08,865 - Batch 74 sent. Records processed: 74000/280800
2024-11-24 19:50:09,192 - Batch 75 sent. Records processed: 75000/280800
2024-11-24 19:50:09,516 - Batch 76 sent. Records processed: 76000/280800
2024-11-24 19:50:09,839 - Batch 77 sent. Records processed: 77000/280800
2024-11-24 19:50:10,168 - Batch 78 sent. Records processed: 78000/280800
2024-11-24 19:50:10,497 - Batch 79 sent. Records processed: 79000/280800
2024-11-24 19:50:10,811 - Batch 80 sent. Records processed: 80000/280800
2024-11-24 19:50:11,131 - Batch 81 sent. Records processed: 81000/280800
2024-11-24 19:50:11,448 - Batch 82 sent. Records processed: 82000/280800
2024-11-24 19:50:11,763 - Batch 83 sent. Records processed: 83000/280800
2024-11-24 19:50:12,085 - Batch 84 sent. Records processed: 84000/280800
2024-11-24 19:50:12,407 - Batch 85 sent. Records processed: 85000/280800
2024-11-24 19:50:12,724 - Batch 86 sent. Records processed: 86000/280800
2024-11-24 19:50:13,041 - Batch 87 sent. Records processed: 87000/280800
2024-11-24 19:50:13,356 - Batch 88 sent. Records processed: 88000/280800
2024-11-24 19:50:13,671 - Batch 89 sent. Records processed: 89000/280800
2024-11-24 19:50:13,990 - Batch 90 sent. Records processed: 90000/280800
2024-11-24 19:50:14,323 - Batch 91 sent. Records processed: 91000/280800
2024-11-24 19:50:14,646 - Batch 92 sent. Records processed: 92000/280800
2024-11-24 19:50:14,968 - Batch 93 sent. Records processed: 93000/280800
2024-11-24 19:50:15,290 - Batch 94 sent. Records processed: 94000/280800
2024-11-24 19:50:15,603 - Batch 95 sent. Records processed: 95000/280800
2024-11-24 19:50:15,944 - Batch 96 sent. Records processed: 96000/280800
2024-11-24 19:50:16,262 - Batch 97 sent. Records processed: 97000/280800
2024-11-24 19:50:16,594 - Batch 98 sent. Records processed: 98000/280800
2024-11-24 19:50:16,911 - Batch 99 sent. Records processed: 99000/280800
2024-11-24 19:50:17,297 - Batch 100 sent. Records processed: 100000/280800
2024-11-24 19:50:17,612 - Batch 101 sent. Records processed: 101000/280800
2024-11-24 19:50:17,938 - Batch 102 sent. Records processed: 102000/280800
2024-11-24 19:50:18,282 - Batch 103 sent. Records processed: 103000/280800
2024-11-24 19:50:18,598 - Batch 104 sent. Records processed: 104000/280800
2024-11-24 19:50:18,925 - Batch 105 sent. Records processed: 105000/280800
2024-11-24 19:50:19,249 - Batch 106 sent. Records processed: 106000/280800
2024-11-24 19:50:19,560 - Batch 107 sent. Records processed: 107000/280800
2024-11-24 19:50:19,888 - Batch 108 sent. Records processed: 108000/280800
2024-11-24 19:50:20,197 - Batch 109 sent. Records processed: 109000/280800
2024-11-24 19:50:20,515 - Batch 110 sent. Records processed: 110000/280800
2024-11-24 19:50:20,844 - Batch 111 sent. Records processed: 111000/280800
2024-11-24 19:50:21,171 - Batch 112 sent. Records processed: 112000/280800
2024-11-24 19:50:21,489 - Batch 113 sent. Records processed: 113000/280800
2024-11-24 19:50:21,817 - Batch 114 sent. Records processed: 114000/280800
2024-11-24 19:50:22,150 - Batch 115 sent. Records processed: 115000/280800
2024-11-24 19:50:22,471 - Batch 116 sent. Records processed: 116000/280800
2024-11-24 19:50:22,805 - Batch 117 sent. Records processed: 117000/280800
2024-11-24 19:50:23,092 - Batch 118 sent. Records processed: 118000/280800
2024-11-24 19:50:23,434 - Batch 119 sent. Records processed: 119000/280800
2024-11-24 19:50:23,751 - Batch 120 sent. Records processed: 120000/280800
2024-11-24 19:50:24,087 - Batch 121 sent. Records processed: 121000/280800
2024-11-24 19:50:24,412 - Batch 122 sent. Records processed: 122000/280800
2024-11-24 19:50:24,727 - Batch 123 sent. Records processed: 123000/280800
2024-11-24 19:50:25,046 - Batch 124 sent. Records processed: 124000/280800
2024-11-24 19:50:25,369 - Batch 125 sent. Records processed: 125000/280800
2024-11-24 19:50:25,700 - Batch 126 sent. Records processed: 126000/280800
2024-11-24 19:50:26,081 - Batch 127 sent. Records processed: 127000/280800
2024-11-24 19:50:26,397 - Batch 128 sent. Records processed: 128000/280800
2024-11-24 19:50:26,745 - Batch 129 sent. Records processed: 129000/280800
2024-11-24 19:50:27,067 - Batch 130 sent. Records processed: 130000/280800
2024-11-24 19:50:27,379 - Batch 131 sent. Records processed: 131000/280800
2024-11-24 19:50:27,727 - Batch 132 sent. Records processed: 132000/280800
2024-11-24 19:50:28,073 - Batch 133 sent. Records processed: 133000/280800
2024-11-24 19:50:28,410 - Batch 134 sent. Records processed: 134000/280800
2024-11-24 19:50:28,744 - Batch 135 sent. Records processed: 135000/280800
2024-11-24 19:50:29,077 - Batch 136 sent. Records processed: 136000/280800
2024-11-24 19:50:29,404 - Batch 137 sent. Records processed: 137000/280800
2024-11-24 19:50:29,718 - Batch 138 sent. Records processed: 138000/280800
2024-11-24 19:50:30,040 - Batch 139 sent. Records processed: 139000/280800
2024-11-24 19:50:30,347 - Batch 140 sent. Records processed: 140000/280800
2024-11-24 19:50:30,682 - Batch 141 sent. Records processed: 141000/280800
2024-11-24 19:50:30,997 - Batch 142 sent. Records processed: 142000/280800
2024-11-24 19:50:31,334 - Batch 143 sent. Records processed: 143000/280800
2024-11-24 19:50:31,624 - Batch 144 sent. Records processed: 144000/280800
2024-11-24 19:50:31,933 - Batch 145 sent. Records processed: 145000/280800
2024-11-24 19:50:32,247 - Batch 146 sent. Records processed: 146000/280800
2024-11-24 19:50:32,565 - Batch 147 sent. Records processed: 147000/280800
2024-11-24 19:50:32,905 - Batch 148 sent. Records processed: 148000/280800
2024-11-24 19:50:33,214 - Batch 149 sent. Records processed: 149000/280800
2024-11-24 19:50:33,527 - Batch 150 sent. Records processed: 150000/280800
2024-11-24 19:50:33,858 - Batch 151 sent. Records processed: 151000/280800
2024-11-24 19:50:34,174 - Batch 152 sent. Records processed: 152000/280800
2024-11-24 19:50:34,488 - Batch 153 sent. Records processed: 153000/280800
2024-11-24 19:50:34,807 - Batch 154 sent. Records processed: 154000/280800
2024-11-24 19:50:35,127 - Batch 155 sent. Records processed: 155000/280800
2024-11-24 19:50:35,452 - Batch 156 sent. Records processed: 156000/280800
2024-11-24 19:50:35,762 - Batch 157 sent. Records processed: 157000/280800
2024-11-24 19:50:36,080 - Batch 158 sent. Records processed: 158000/280800
2024-11-24 19:50:36,336 - Batch 159 sent. Records processed: 159000/280800
2024-11-24 19:50:36,653 - Batch 160 sent. Records processed: 160000/280800
2024-11-24 19:50:36,973 - Batch 161 sent. Records processed: 161000/280800
2024-11-24 19:50:37,294 - Batch 162 sent. Records processed: 162000/280800
2024-11-24 19:50:37,623 - Batch 163 sent. Records processed: 163000/280800
2024-11-24 19:50:37,971 - Batch 164 sent. Records processed: 164000/280800
2024-11-24 19:50:38,293 - Batch 165 sent. Records processed: 165000/280800
2024-11-24 19:50:38,610 - Batch 166 sent. Records processed: 166000/280800
2024-11-24 19:50:38,926 - Batch 167 sent. Records processed: 167000/280800
2024-11-24 19:50:39,269 - Batch 168 sent. Records processed: 168000/280800
2024-11-24 19:50:39,601 - Batch 169 sent. Records processed: 169000/280800
2024-11-24 19:50:39,918 - Batch 170 sent. Records processed: 170000/280800
2024-11-24 19:50:40,236 - Batch 171 sent. Records processed: 171000/280800
2024-11-24 19:50:40,545 - Batch 172 sent. Records processed: 172000/280800
2024-11-24 19:50:40,880 - Batch 173 sent. Records processed: 173000/280800
2024-11-24 19:50:41,221 - Batch 174 sent. Records processed: 174000/280800
2024-11-24 19:50:41,547 - Batch 175 sent. Records processed: 175000/280800
2024-11-24 19:50:41,892 - Batch 176 sent. Records processed: 176000/280800
2024-11-24 19:50:42,217 - Batch 177 sent. Records processed: 177000/280800
2024-11-24 19:50:42,540 - Batch 178 sent. Records processed: 178000/280800
2024-11-24 19:50:42,857 - Batch 179 sent. Records processed: 179000/280800
2024-11-24 19:50:43,172 - Batch 180 sent. Records processed: 180000/280800
2024-11-24 19:50:43,486 - Batch 181 sent. Records processed: 181000/280800
2024-11-24 19:50:43,798 - Batch 182 sent. Records processed: 182000/280800
2024-11-24 19:50:44,115 - Batch 183 sent. Records processed: 183000/280800
2024-11-24 19:50:44,458 - Batch 184 sent. Records processed: 184000/280800
2024-11-24 19:50:44,811 - Batch 185 sent. Records processed: 185000/280800
2024-11-24 19:50:45,119 - Batch 186 sent. Records processed: 186000/280800
2024-11-24 19:50:45,448 - Batch 187 sent. Records processed: 187000/280800
2024-11-24 19:50:45,792 - Batch 188 sent. Records processed: 188000/280800
2024-11-24 19:50:46,108 - Batch 189 sent. Records processed: 189000/280800
2024-11-24 19:50:46,415 - Batch 190 sent. Records processed: 190000/280800
2024-11-24 19:50:46,736 - Batch 191 sent. Records processed: 191000/280800
2024-11-24 19:50:47,048 - Batch 192 sent. Records processed: 192000/280800
2024-11-24 19:50:47,362 - Batch 193 sent. Records processed: 193000/280800
2024-11-24 19:50:47,678 - Batch 194 sent. Records processed: 194000/280800
2024-11-24 19:50:48,007 - Batch 195 sent. Records processed: 195000/280800
2024-11-24 19:50:48,302 - Batch 196 sent. Records processed: 196000/280800
2024-11-24 19:50:48,570 - Batch 197 sent. Records processed: 197000/280800
2024-11-24 19:50:48,915 - Batch 198 sent. Records processed: 198000/280800
2024-11-24 19:50:49,215 - Batch 199 sent. Records processed: 199000/280800
2024-11-24 19:50:49,540 - Batch 200 sent. Records processed: 200000/280800
2024-11-24 19:50:49,851 - Batch 201 sent. Records processed: 201000/280800
2024-11-24 19:50:50,170 - Batch 202 sent. Records processed: 202000/280800
2024-11-24 19:50:50,487 - Batch 203 sent. Records processed: 203000/280800
2024-11-24 19:50:50,801 - Batch 204 sent. Records processed: 204000/280800
2024-11-24 19:50:51,124 - Batch 205 sent. Records processed: 205000/280800
2024-11-24 19:50:51,469 - Batch 206 sent. Records processed: 206000/280800
2024-11-24 19:50:51,785 - Batch 207 sent. Records processed: 207000/280800
2024-11-24 19:50:52,098 - Batch 208 sent. Records processed: 208000/280800
2024-11-24 19:50:52,414 - Batch 209 sent. Records processed: 209000/280800
2024-11-24 19:50:52,735 - Batch 210 sent. Records processed: 210000/280800
2024-11-24 19:50:53,056 - Batch 211 sent. Records processed: 211000/280800
2024-11-24 19:50:53,365 - Batch 212 sent. Records processed: 212000/280800
2024-11-24 19:50:53,679 - Batch 213 sent. Records processed: 213000/280800
2024-11-24 19:50:53,998 - Batch 214 sent. Records processed: 214000/280800
2024-11-24 19:50:54,324 - Batch 215 sent. Records processed: 215000/280800
2024-11-24 19:50:54,645 - Batch 216 sent. Records processed: 216000/280800
2024-11-24 19:50:54,961 - Batch 217 sent. Records processed: 217000/280800
2024-11-24 19:50:55,276 - Batch 218 sent. Records processed: 218000/280800
2024-11-24 19:50:55,589 - Batch 219 sent. Records processed: 219000/280800
2024-11-24 19:50:55,913 - Batch 220 sent. Records processed: 220000/280800
2024-11-24 19:50:56,260 - Batch 221 sent. Records processed: 221000/280800
2024-11-24 19:50:56,586 - Batch 222 sent. Records processed: 222000/280800
2024-11-24 19:50:56,904 - Batch 223 sent. Records processed: 223000/280800
2024-11-24 19:50:57,232 - Batch 224 sent. Records processed: 224000/280800
2024-11-24 19:50:57,553 - Batch 225 sent. Records processed: 225000/280800
2024-11-24 19:50:57,888 - Batch 226 sent. Records processed: 226000/280800
2024-11-24 19:50:58,207 - Batch 227 sent. Records processed: 227000/280800
2024-11-24 19:50:58,534 - Batch 228 sent. Records processed: 228000/280800
2024-11-24 19:50:58,860 - Batch 229 sent. Records processed: 229000/280800
2024-11-24 19:50:59,186 - Batch 230 sent. Records processed: 230000/280800
2024-11-24 19:50:59,513 - Batch 231 sent. Records processed: 231000/280800
2024-11-24 19:50:59,835 - Batch 232 sent. Records processed: 232000/280800
2024-11-24 19:51:00,169 - Batch 233 sent. Records processed: 233000/280800
2024-11-24 19:51:00,486 - Batch 234 sent. Records processed: 234000/280800
2024-11-24 19:51:00,814 - Batch 235 sent. Records processed: 235000/280800
2024-11-24 19:51:01,135 - Batch 236 sent. Records processed: 236000/280800
2024-11-24 19:51:01,467 - Batch 237 sent. Records processed: 237000/280800
2024-11-24 19:51:01,782 - Batch 238 sent. Records processed: 238000/280800
2024-11-24 19:51:02,104 - Batch 239 sent. Records processed: 239000/280800
2024-11-24 19:51:02,419 - Batch 240 sent. Records processed: 240000/280800
2024-11-24 19:51:02,744 - Batch 241 sent. Records processed: 241000/280800
2024-11-24 19:51:03,006 - Batch 242 sent. Records processed: 242000/280800
2024-11-24 19:51:03,340 - Batch 243 sent. Records processed: 243000/280800
2024-11-24 19:51:03,671 - Batch 244 sent. Records processed: 244000/280800
2024-11-24 19:51:04,015 - Batch 245 sent. Records processed: 245000/280800
2024-11-24 19:51:04,376 - Batch 246 sent. Records processed: 246000/280800
2024-11-24 19:51:04,687 - Batch 247 sent. Records processed: 247000/280800
2024-11-24 19:51:05,011 - Batch 248 sent. Records processed: 248000/280800
2024-11-24 19:51:05,337 - Batch 249 sent. Records processed: 249000/280800
2024-11-24 19:51:05,664 - Batch 250 sent. Records processed: 250000/280800
2024-11-24 19:51:05,989 - Batch 251 sent. Records processed: 251000/280800
2024-11-24 19:51:06,311 - Batch 252 sent. Records processed: 252000/280800
2024-11-24 19:51:06,644 - Batch 253 sent. Records processed: 253000/280800
2024-11-24 19:51:06,978 - Batch 254 sent. Records processed: 254000/280800
2024-11-24 19:51:07,300 - Batch 255 sent. Records processed: 255000/280800
2024-11-24 19:51:07,623 - Batch 256 sent. Records processed: 256000/280800
2024-11-24 19:51:07,949 - Batch 257 sent. Records processed: 257000/280800
2024-11-24 19:51:08,292 - Batch 258 sent. Records processed: 258000/280800
2024-11-24 19:51:08,626 - Batch 259 sent. Records processed: 259000/280800
2024-11-24 19:51:08,976 - Batch 260 sent. Records processed: 260000/280800
2024-11-24 19:51:09,347 - Batch 261 sent. Records processed: 261000/280800
2024-11-24 19:51:09,714 - Batch 262 sent. Records processed: 262000/280800
2024-11-24 19:51:10,039 - Batch 263 sent. Records processed: 263000/280800
2024-11-24 19:51:10,362 - Batch 264 sent. Records processed: 264000/280800
2024-11-24 19:51:10,673 - Batch 265 sent. Records processed: 265000/280800
2024-11-24 19:51:10,994 - Batch 266 sent. Records processed: 266000/280800
2024-11-24 19:51:11,361 - Batch 267 sent. Records processed: 267000/280800
2024-11-24 19:51:11,672 - Batch 268 sent. Records processed: 268000/280800
2024-11-24 19:51:11,998 - Batch 269 sent. Records processed: 269000/280800
2024-11-24 19:51:12,316 - Batch 270 sent. Records processed: 270000/280800
2024-11-24 19:51:12,630 - Batch 271 sent. Records processed: 271000/280800
2024-11-24 19:51:12,950 - Batch 272 sent. Records processed: 272000/280800
2024-11-24 19:51:13,299 - Batch 273 sent. Records processed: 273000/280800
2024-11-24 19:51:13,615 - Batch 274 sent. Records processed: 274000/280800
2024-11-24 19:51:13,922 - Batch 275 sent. Records processed: 275000/280800
2024-11-24 19:51:14,238 - Batch 276 sent. Records processed: 276000/280800
2024-11-24 19:51:14,561 - Batch 277 sent. Records processed: 277000/280800
2024-11-24 19:51:14,908 - Batch 278 sent. Records processed: 278000/280800
2024-11-24 19:51:15,223 - Batch 279 sent. Records processed: 279000/280800
2024-11-24 19:51:15,546 - Batch 280 sent. Records processed: 280000/280800
2024-11-24 19:51:15,821 - Batch 281 sent. Records processed: 280800/280800
2024-11-24 19:51:15,925 - Streaming completed. Total records sent: 280800
2024-11-24 19:51:15,925 - Closing the Kafka producer with 4294967.0 secs timeout.
2024-11-24 19:51:15,925 - <BrokerConnection node_id=1001 host=localhost:9092 <connected> [IPv6 ('::1', 9092, 0, 0)]>: Closing connection. 
2024-11-24 19:51:15,925 - Kafka Producer closed.
2024-11-24 19:51:15,928 - An error occurred: RecordAccumulator is closed
2024-11-24 19:51:15,928 - Kafka producer closed
2024-11-24 19:51:15,928 - Kafka Producer closed.
2024-11-24 19:54:04,585 - <BrokerConnection node_id=1001 host=localhost:9092 <connecting> [IPv6 ('::1', 9092, 0, 0)]>: connecting to localhost:9092 [('::1', 9092, 0, 0) IPv6]
2024-11-24 19:54:04,604 - <BrokerConnection node_id=1001 host=localhost:9092 <connecting> [IPv6 ('::1', 9092, 0, 0)]>: Connection complete.
2024-11-24 19:54:04,604 - <BrokerConnection node_id=bootstrap-0 host=localhost:9092 <connected> [IPv6 ('::1', 9092, 0, 0)]>: Closing connection. 
2024-11-24 19:54:04,678 - Batch 1 sent. Records processed: 1000/280800
2024-11-24 19:54:05,087 - Batch 2 sent. Records processed: 2000/280800
2024-11-24 19:54:05,431 - Batch 3 sent. Records processed: 3000/280800
2024-11-24 19:54:05,752 - Batch 4 sent. Records processed: 4000/280800
2024-11-24 19:54:06,081 - Batch 5 sent. Records processed: 5000/280800
2024-11-24 19:54:06,396 - Batch 6 sent. Records processed: 6000/280800
2024-11-24 19:54:06,737 - Batch 7 sent. Records processed: 7000/280800
2024-11-24 19:54:07,075 - Batch 8 sent. Records processed: 8000/280800
2024-11-24 19:54:07,406 - Batch 9 sent. Records processed: 9000/280800
2024-11-24 19:54:07,760 - Batch 10 sent. Records processed: 10000/280800
2024-11-24 19:54:08,097 - Batch 11 sent. Records processed: 11000/280800
2024-11-24 19:54:08,418 - Batch 12 sent. Records processed: 12000/280800
2024-11-24 19:54:08,731 - Batch 13 sent. Records processed: 13000/280800
2024-11-24 19:54:09,066 - Batch 14 sent. Records processed: 14000/280800
2024-11-24 19:54:09,387 - Batch 15 sent. Records processed: 15000/280800
2024-11-24 19:54:09,734 - Batch 16 sent. Records processed: 16000/280800
2024-11-24 19:54:10,077 - Batch 17 sent. Records processed: 17000/280800
2024-11-24 19:54:10,417 - Batch 18 sent. Records processed: 18000/280800
2024-11-24 19:54:10,753 - Batch 19 sent. Records processed: 19000/280800
2024-11-24 19:54:11,074 - Batch 20 sent. Records processed: 20000/280800
2024-11-24 19:54:11,399 - Batch 21 sent. Records processed: 21000/280800
2024-11-24 19:54:11,715 - Batch 22 sent. Records processed: 22000/280800
2024-11-24 19:54:12,033 - Batch 23 sent. Records processed: 23000/280800
2024-11-24 19:54:12,354 - Batch 24 sent. Records processed: 24000/280800
2024-11-24 19:54:12,676 - Batch 25 sent. Records processed: 25000/280800
2024-11-24 19:54:13,011 - Batch 26 sent. Records processed: 26000/280800
2024-11-24 19:54:13,344 - Batch 27 sent. Records processed: 27000/280800
2024-11-24 19:54:13,669 - Batch 28 sent. Records processed: 28000/280800
2024-11-24 19:54:14,002 - Batch 29 sent. Records processed: 29000/280800
2024-11-24 19:54:14,321 - Batch 30 sent. Records processed: 30000/280800
2024-11-24 19:54:14,651 - Batch 31 sent. Records processed: 31000/280800
2024-11-24 19:54:14,975 - Batch 32 sent. Records processed: 32000/280800
2024-11-24 19:54:15,308 - Batch 33 sent. Records processed: 33000/280800
2024-11-24 19:54:15,625 - Batch 34 sent. Records processed: 34000/280800
2024-11-24 19:54:15,940 - Batch 35 sent. Records processed: 35000/280800
2024-11-24 19:54:16,270 - Batch 36 sent. Records processed: 36000/280800
2024-11-24 19:54:16,594 - Batch 37 sent. Records processed: 37000/280800
2024-11-24 19:54:16,918 - Batch 38 sent. Records processed: 38000/280800
2024-11-24 19:54:17,241 - Batch 39 sent. Records processed: 39000/280800
2024-11-24 19:54:17,590 - Batch 40 sent. Records processed: 40000/280800
2024-11-24 19:54:17,906 - Batch 41 sent. Records processed: 41000/280800
2024-11-24 19:54:18,224 - Batch 42 sent. Records processed: 42000/280800
2024-11-24 19:54:18,568 - Batch 43 sent. Records processed: 43000/280800
2024-11-24 19:54:18,899 - Batch 44 sent. Records processed: 44000/280800
2024-11-24 19:54:19,225 - Batch 45 sent. Records processed: 45000/280800
2024-11-24 19:54:19,551 - Batch 46 sent. Records processed: 46000/280800
2024-11-24 19:54:19,888 - Batch 47 sent. Records processed: 47000/280800
2024-11-24 19:54:20,217 - Batch 48 sent. Records processed: 48000/280800
2024-11-24 19:54:20,539 - Batch 49 sent. Records processed: 49000/280800
2024-11-24 19:54:20,846 - Batch 50 sent. Records processed: 50000/280800
2024-11-24 19:54:21,198 - Batch 51 sent. Records processed: 51000/280800
2024-11-24 19:54:21,528 - Batch 52 sent. Records processed: 52000/280800
2024-11-24 19:54:21,872 - Batch 53 sent. Records processed: 53000/280800
2024-11-24 19:54:22,189 - Batch 54 sent. Records processed: 54000/280800
2024-11-24 19:54:22,528 - Batch 55 sent. Records processed: 55000/280800
2024-11-24 19:54:22,862 - Batch 56 sent. Records processed: 56000/280800
2024-11-24 19:54:23,184 - Batch 57 sent. Records processed: 57000/280800
2024-11-24 19:54:23,522 - Batch 58 sent. Records processed: 58000/280800
2024-11-24 19:54:23,847 - Batch 59 sent. Records processed: 59000/280800
2024-11-24 19:54:24,178 - Batch 60 sent. Records processed: 60000/280800
2024-11-24 19:54:24,494 - Batch 61 sent. Records processed: 61000/280800
2024-11-24 19:54:24,823 - Batch 62 sent. Records processed: 62000/280800
2024-11-24 19:54:25,163 - Batch 63 sent. Records processed: 63000/280800
2024-11-24 19:54:25,503 - Batch 64 sent. Records processed: 64000/280800
2024-11-24 19:54:25,823 - Batch 65 sent. Records processed: 65000/280800
2024-11-24 19:54:26,156 - Batch 66 sent. Records processed: 66000/280800
2024-11-24 19:54:26,472 - Batch 67 sent. Records processed: 67000/280800
2024-11-24 19:54:26,808 - Batch 68 sent. Records processed: 68000/280800
2024-11-24 19:54:27,129 - Batch 69 sent. Records processed: 69000/280800
2024-11-24 19:54:27,478 - Batch 70 sent. Records processed: 70000/280800
2024-11-24 19:54:27,793 - Batch 71 sent. Records processed: 71000/280800
2024-11-24 19:54:28,117 - Batch 72 sent. Records processed: 72000/280800
2024-11-24 19:54:28,455 - Batch 73 sent. Records processed: 73000/280800
2024-11-24 19:54:28,779 - Batch 74 sent. Records processed: 74000/280800
2024-11-24 19:54:29,100 - Batch 75 sent. Records processed: 75000/280800
2024-11-24 19:54:29,462 - Batch 76 sent. Records processed: 76000/280800
2024-11-24 19:54:29,787 - Batch 77 sent. Records processed: 77000/280800
2024-11-24 19:54:30,115 - Batch 78 sent. Records processed: 78000/280800
2024-11-24 19:54:30,458 - Batch 79 sent. Records processed: 79000/280800
2024-11-24 19:54:30,787 - Batch 80 sent. Records processed: 80000/280800
2024-11-24 19:54:31,106 - Batch 81 sent. Records processed: 81000/280800
2024-11-24 19:54:31,431 - Batch 82 sent. Records processed: 82000/280800
2024-11-24 19:54:31,748 - Batch 83 sent. Records processed: 83000/280800
2024-11-24 19:54:32,082 - Batch 84 sent. Records processed: 84000/280800
2024-11-24 19:54:32,357 - Batch 85 sent. Records processed: 85000/280800
2024-11-24 19:54:32,689 - Batch 86 sent. Records processed: 86000/280800
2024-11-24 19:54:33,014 - Batch 87 sent. Records processed: 87000/280800
2024-11-24 19:54:33,343 - Batch 88 sent. Records processed: 88000/280800
2024-11-24 19:54:33,678 - Batch 89 sent. Records processed: 89000/280800
2024-11-24 19:54:34,000 - Batch 90 sent. Records processed: 90000/280800
2024-11-24 19:54:34,322 - Batch 91 sent. Records processed: 91000/280800
2024-11-24 19:54:34,642 - Batch 92 sent. Records processed: 92000/280800
2024-11-24 19:54:34,968 - Batch 93 sent. Records processed: 93000/280800
2024-11-24 19:54:35,298 - Batch 94 sent. Records processed: 94000/280800
2024-11-24 19:54:35,611 - Batch 95 sent. Records processed: 95000/280800
2024-11-24 19:54:35,898 - Batch 96 sent. Records processed: 96000/280800
2024-11-24 19:54:36,216 - Batch 97 sent. Records processed: 97000/280800
2024-11-24 19:54:36,542 - Batch 98 sent. Records processed: 98000/280800
2024-11-24 19:54:36,870 - Batch 99 sent. Records processed: 99000/280800
2024-11-24 19:54:37,186 - Batch 100 sent. Records processed: 100000/280800
2024-11-24 19:54:37,510 - Batch 101 sent. Records processed: 101000/280800
2024-11-24 19:54:37,831 - Batch 102 sent. Records processed: 102000/280800
2024-11-24 19:54:38,155 - Batch 103 sent. Records processed: 103000/280800
2024-11-24 19:54:38,504 - Batch 104 sent. Records processed: 104000/280800
2024-11-24 19:54:38,837 - Batch 105 sent. Records processed: 105000/280800
2024-11-24 19:54:39,182 - Batch 106 sent. Records processed: 106000/280800
2024-11-24 19:54:39,508 - Batch 107 sent. Records processed: 107000/280800
2024-11-24 19:54:39,839 - Batch 108 sent. Records processed: 108000/280800
2024-11-24 19:54:40,176 - Batch 109 sent. Records processed: 109000/280800
2024-11-24 19:54:40,510 - Batch 110 sent. Records processed: 110000/280800
2024-11-24 19:54:40,835 - Batch 111 sent. Records processed: 111000/280800
2024-11-24 19:54:41,168 - Batch 112 sent. Records processed: 112000/280800
2024-11-24 19:54:41,503 - Batch 113 sent. Records processed: 113000/280800
2024-11-24 19:54:41,802 - Batch 114 sent. Records processed: 114000/280800
2024-11-24 19:54:42,122 - Batch 115 sent. Records processed: 115000/280800
2024-11-24 19:54:42,437 - Batch 116 sent. Records processed: 116000/280800
2024-11-24 19:54:42,754 - Batch 117 sent. Records processed: 117000/280800
2024-11-24 19:54:43,099 - Batch 118 sent. Records processed: 118000/280800
2024-11-24 19:54:43,441 - Batch 119 sent. Records processed: 119000/280800
2024-11-24 19:54:43,766 - Batch 120 sent. Records processed: 120000/280800
2024-11-24 19:54:44,037 - Batch 121 sent. Records processed: 121000/280800
2024-11-24 19:54:44,258 - Batch 122 sent. Records processed: 122000/280800
2024-11-24 19:54:44,494 - Batch 123 sent. Records processed: 123000/280800
2024-11-24 19:54:45,291 - Batch 124 sent. Records processed: 124000/280800
2024-11-24 19:54:45,610 - Batch 125 sent. Records processed: 125000/280800
2024-11-24 19:54:45,936 - Batch 126 sent. Records processed: 126000/280800
2024-11-24 19:54:46,271 - Batch 127 sent. Records processed: 127000/280800
2024-11-24 19:54:46,604 - Batch 128 sent. Records processed: 128000/280800
2024-11-24 19:54:46,942 - Batch 129 sent. Records processed: 129000/280800
2024-11-24 19:54:47,280 - Batch 130 sent. Records processed: 130000/280800
2024-11-24 19:54:47,620 - Batch 131 sent. Records processed: 131000/280800
2024-11-24 19:54:47,950 - Batch 132 sent. Records processed: 132000/280800
2024-11-24 19:54:48,288 - Batch 133 sent. Records processed: 133000/280800
2024-11-24 19:54:48,642 - Batch 134 sent. Records processed: 134000/280800
2024-11-24 19:54:48,970 - Batch 135 sent. Records processed: 135000/280800
2024-11-24 19:54:49,293 - Batch 136 sent. Records processed: 136000/280800
2024-11-24 19:54:49,613 - Batch 137 sent. Records processed: 137000/280800
2024-11-24 19:54:49,947 - Batch 138 sent. Records processed: 138000/280800
2024-11-24 19:54:50,271 - Batch 139 sent. Records processed: 139000/280800
2024-11-24 19:54:50,602 - Batch 140 sent. Records processed: 140000/280800
2024-11-24 19:54:50,934 - Batch 141 sent. Records processed: 141000/280800
2024-11-24 19:54:51,269 - Batch 142 sent. Records processed: 142000/280800
2024-11-24 19:54:51,607 - Batch 143 sent. Records processed: 143000/280800
2024-11-24 19:54:51,914 - Batch 144 sent. Records processed: 144000/280800
2024-11-24 19:54:52,274 - Batch 145 sent. Records processed: 145000/280800
2024-11-24 19:54:52,610 - Batch 146 sent. Records processed: 146000/280800
2024-11-24 19:54:52,961 - Batch 147 sent. Records processed: 147000/280800
2024-11-24 19:54:53,300 - Batch 148 sent. Records processed: 148000/280800
2024-11-24 19:54:53,628 - Batch 149 sent. Records processed: 149000/280800
2024-11-24 19:54:53,960 - Batch 150 sent. Records processed: 150000/280800
2024-11-24 19:54:54,289 - Batch 151 sent. Records processed: 151000/280800
2024-11-24 19:54:54,628 - Batch 152 sent. Records processed: 152000/280800
2024-11-24 19:54:54,988 - Batch 153 sent. Records processed: 153000/280800
2024-11-24 19:54:55,309 - Batch 154 sent. Records processed: 154000/280800
2024-11-24 19:54:55,646 - Batch 155 sent. Records processed: 155000/280800
2024-11-24 19:54:55,963 - Batch 156 sent. Records processed: 156000/280800
2024-11-24 19:54:56,287 - Batch 157 sent. Records processed: 157000/280800
2024-11-24 19:54:56,616 - Batch 158 sent. Records processed: 158000/280800
2024-11-24 19:54:56,946 - Batch 159 sent. Records processed: 159000/280800
2024-11-24 19:54:57,291 - Batch 160 sent. Records processed: 160000/280800
2024-11-24 19:54:57,605 - Batch 161 sent. Records processed: 161000/280800
2024-11-24 19:54:57,943 - Batch 162 sent. Records processed: 162000/280800
2024-11-24 19:54:58,277 - Batch 163 sent. Records processed: 163000/280800
2024-11-24 19:54:58,606 - Batch 164 sent. Records processed: 164000/280800
2024-11-24 19:54:58,933 - Batch 165 sent. Records processed: 165000/280800
2024-11-24 19:54:59,256 - Batch 166 sent. Records processed: 166000/280800
2024-11-24 19:54:59,586 - Batch 167 sent. Records processed: 167000/280800
2024-11-24 19:54:59,914 - Batch 168 sent. Records processed: 168000/280800
2024-11-24 19:55:00,256 - Batch 169 sent. Records processed: 169000/280800
2024-11-24 19:55:00,578 - Batch 170 sent. Records processed: 170000/280800
2024-11-24 19:55:00,905 - Batch 171 sent. Records processed: 171000/280800
2024-11-24 19:55:01,226 - Batch 172 sent. Records processed: 172000/280800
2024-11-24 19:55:01,554 - Batch 173 sent. Records processed: 173000/280800
2024-11-24 19:55:01,879 - Batch 174 sent. Records processed: 174000/280800
2024-11-24 19:55:02,222 - Batch 175 sent. Records processed: 175000/280800
2024-11-24 19:55:02,540 - Batch 176 sent. Records processed: 176000/280800
2024-11-24 19:55:02,897 - Batch 177 sent. Records processed: 177000/280800
2024-11-24 19:55:03,225 - Batch 178 sent. Records processed: 178000/280800
2024-11-24 19:55:03,564 - Batch 179 sent. Records processed: 179000/280800
2024-11-24 19:55:03,896 - Batch 180 sent. Records processed: 180000/280800
2024-11-24 19:55:04,234 - Batch 181 sent. Records processed: 181000/280800
2024-11-24 19:55:04,560 - Batch 182 sent. Records processed: 182000/280800
2024-11-24 19:55:04,906 - Batch 183 sent. Records processed: 183000/280800
2024-11-24 19:55:05,201 - Batch 184 sent. Records processed: 184000/280800
2024-11-24 19:55:05,489 - Batch 185 sent. Records processed: 185000/280800
2024-11-24 19:55:05,821 - Batch 186 sent. Records processed: 186000/280800
2024-11-24 19:55:06,153 - Batch 187 sent. Records processed: 187000/280800
2024-11-24 19:55:06,450 - Batch 188 sent. Records processed: 188000/280800
2024-11-24 19:55:06,795 - Batch 189 sent. Records processed: 189000/280800
2024-11-24 19:55:07,129 - Batch 190 sent. Records processed: 190000/280800
2024-11-24 19:55:07,455 - Batch 191 sent. Records processed: 191000/280800
2024-11-24 19:55:07,762 - Batch 192 sent. Records processed: 192000/280800
2024-11-24 19:55:08,094 - Batch 193 sent. Records processed: 193000/280800
2024-11-24 19:55:08,424 - Batch 194 sent. Records processed: 194000/280800
2024-11-24 19:55:08,744 - Batch 195 sent. Records processed: 195000/280800
2024-11-24 19:55:09,044 - Batch 196 sent. Records processed: 196000/280800
2024-11-24 19:55:09,384 - Batch 197 sent. Records processed: 197000/280800
2024-11-24 19:55:09,722 - Batch 198 sent. Records processed: 198000/280800
2024-11-24 19:55:10,031 - Batch 199 sent. Records processed: 199000/280800
2024-11-24 19:55:10,349 - Batch 200 sent. Records processed: 200000/280800
2024-11-24 19:55:10,672 - Batch 201 sent. Records processed: 201000/280800
2024-11-24 19:55:10,996 - Batch 202 sent. Records processed: 202000/280800
2024-11-24 19:55:11,320 - Batch 203 sent. Records processed: 203000/280800
2024-11-24 19:55:11,642 - Batch 204 sent. Records processed: 204000/280800
2024-11-24 19:55:11,963 - Batch 205 sent. Records processed: 205000/280800
2024-11-24 19:55:12,281 - Batch 206 sent. Records processed: 206000/280800
2024-11-24 19:55:12,614 - Batch 207 sent. Records processed: 207000/280800
2024-11-24 19:55:12,890 - Batch 208 sent. Records processed: 208000/280800
2024-11-24 19:55:13,232 - Batch 209 sent. Records processed: 209000/280800
2024-11-24 19:55:13,553 - Batch 210 sent. Records processed: 210000/280800
2024-11-24 19:55:13,875 - Batch 211 sent. Records processed: 211000/280800
2024-11-24 19:55:14,192 - Batch 212 sent. Records processed: 212000/280800
2024-11-24 19:55:14,514 - Batch 213 sent. Records processed: 213000/280800
2024-11-24 19:55:14,831 - Batch 214 sent. Records processed: 214000/280800
2024-11-24 19:55:15,155 - Batch 215 sent. Records processed: 215000/280800
2024-11-24 19:55:15,476 - Batch 216 sent. Records processed: 216000/280800
2024-11-24 19:55:15,812 - Batch 217 sent. Records processed: 217000/280800
2024-11-24 19:55:16,148 - Batch 218 sent. Records processed: 218000/280800
2024-11-24 19:55:16,469 - Batch 219 sent. Records processed: 219000/280800
2024-11-24 19:55:16,789 - Batch 220 sent. Records processed: 220000/280800
2024-11-24 19:55:17,124 - Batch 221 sent. Records processed: 221000/280800
2024-11-24 19:55:17,448 - Batch 222 sent. Records processed: 222000/280800
2024-11-24 19:55:17,771 - Batch 223 sent. Records processed: 223000/280800
2024-11-24 19:55:18,114 - Batch 224 sent. Records processed: 224000/280800
2024-11-24 19:55:18,440 - Batch 225 sent. Records processed: 225000/280800
2024-11-24 19:55:18,765 - Batch 226 sent. Records processed: 226000/280800
2024-11-24 19:55:19,085 - Batch 227 sent. Records processed: 227000/280800
2024-11-24 19:55:19,418 - Batch 228 sent. Records processed: 228000/280800
2024-11-24 19:55:19,749 - Batch 229 sent. Records processed: 229000/280800
2024-11-24 19:55:20,082 - Batch 230 sent. Records processed: 230000/280800
2024-11-24 19:55:20,410 - Batch 231 sent. Records processed: 231000/280800
2024-11-24 19:55:20,747 - Batch 232 sent. Records processed: 232000/280800
2024-11-24 19:55:21,071 - Batch 233 sent. Records processed: 233000/280800
2024-11-24 19:55:21,392 - Batch 234 sent. Records processed: 234000/280800
2024-11-24 19:55:21,731 - Batch 235 sent. Records processed: 235000/280800
2024-11-24 19:55:22,076 - Batch 236 sent. Records processed: 236000/280800
2024-11-24 19:55:22,396 - Batch 237 sent. Records processed: 237000/280800
2024-11-24 19:55:22,738 - Batch 238 sent. Records processed: 238000/280800
2024-11-24 19:55:23,062 - Batch 239 sent. Records processed: 239000/280800
2024-11-24 19:55:23,395 - Batch 240 sent. Records processed: 240000/280800
2024-11-24 19:55:23,720 - Batch 241 sent. Records processed: 241000/280800
2024-11-24 19:55:24,047 - Batch 242 sent. Records processed: 242000/280800
2024-11-24 19:55:24,399 - Batch 243 sent. Records processed: 243000/280800
2024-11-24 19:55:24,726 - Batch 244 sent. Records processed: 244000/280800
2024-11-24 19:55:25,071 - Batch 245 sent. Records processed: 245000/280800
2024-11-24 19:55:25,422 - Batch 246 sent. Records processed: 246000/280800
2024-11-24 19:55:25,749 - Batch 247 sent. Records processed: 247000/280800
2024-11-24 19:55:26,069 - Batch 248 sent. Records processed: 248000/280800
2024-11-24 19:55:26,394 - Batch 249 sent. Records processed: 249000/280800
2024-11-24 19:55:26,718 - Batch 250 sent. Records processed: 250000/280800
2024-11-24 19:55:27,040 - Batch 251 sent. Records processed: 251000/280800
2024-11-24 19:55:27,357 - Batch 252 sent. Records processed: 252000/280800
2024-11-24 19:55:27,688 - Batch 253 sent. Records processed: 253000/280800
2024-11-24 19:55:28,024 - Batch 254 sent. Records processed: 254000/280800
2024-11-24 19:55:28,350 - Batch 255 sent. Records processed: 255000/280800
2024-11-24 19:55:28,680 - Batch 256 sent. Records processed: 256000/280800
2024-11-24 19:55:29,039 - Batch 257 sent. Records processed: 257000/280800
2024-11-24 19:55:29,352 - Batch 258 sent. Records processed: 258000/280800
2024-11-24 19:55:29,686 - Batch 259 sent. Records processed: 259000/280800
2024-11-24 19:55:30,011 - Batch 260 sent. Records processed: 260000/280800
2024-11-24 19:55:30,315 - Batch 261 sent. Records processed: 261000/280800
2024-11-24 19:55:30,676 - Batch 262 sent. Records processed: 262000/280800
2024-11-24 19:55:31,009 - Batch 263 sent. Records processed: 263000/280800
2024-11-24 19:55:31,323 - Batch 264 sent. Records processed: 264000/280800
2024-11-24 19:55:31,682 - Batch 265 sent. Records processed: 265000/280800
2024-11-24 19:55:31,989 - Batch 266 sent. Records processed: 266000/280800
2024-11-24 19:55:32,421 - Batch 267 sent. Records processed: 267000/280800
2024-11-24 19:55:32,741 - Batch 268 sent. Records processed: 268000/280800
2024-11-24 19:55:33,082 - Batch 269 sent. Records processed: 269000/280800
2024-11-24 19:55:33,401 - Batch 270 sent. Records processed: 270000/280800
2024-11-24 19:55:33,737 - Batch 271 sent. Records processed: 271000/280800
2024-11-24 19:55:34,060 - Batch 272 sent. Records processed: 272000/280800
2024-11-24 19:55:34,377 - Batch 273 sent. Records processed: 273000/280800
2024-11-24 19:55:34,734 - Batch 274 sent. Records processed: 274000/280800
2024-11-24 19:55:35,049 - Batch 275 sent. Records processed: 275000/280800
2024-11-24 19:55:35,391 - Batch 276 sent. Records processed: 276000/280800
2024-11-24 19:55:35,701 - Batch 277 sent. Records processed: 277000/280800
2024-11-24 19:55:36,043 - Batch 278 sent. Records processed: 278000/280800
2024-11-24 19:55:36,372 - Batch 279 sent. Records processed: 279000/280800
2024-11-24 19:55:36,698 - Batch 280 sent. Records processed: 280000/280800
2024-11-24 19:55:36,968 - Batch 281 sent. Records processed: 280800/280800
2024-11-24 19:55:37,070 - Streaming completed. Total records sent: 280800
2024-11-24 19:55:37,504 - Batch 1 sent. Records processed: 1000/54000
2024-11-24 19:55:38,025 - Batch 2 sent. Records processed: 2000/54000
2024-11-24 19:55:38,551 - Batch 3 sent. Records processed: 3000/54000
2024-11-24 19:55:39,074 - Batch 4 sent. Records processed: 4000/54000
2024-11-24 19:55:39,595 - Batch 5 sent. Records processed: 5000/54000
2024-11-24 19:55:40,104 - Batch 6 sent. Records processed: 6000/54000
2024-11-24 19:55:40,621 - Batch 7 sent. Records processed: 7000/54000
2024-11-24 19:55:41,120 - Batch 8 sent. Records processed: 8000/54000
2024-11-24 19:55:41,634 - Batch 9 sent. Records processed: 9000/54000
2024-11-24 19:55:42,154 - Batch 10 sent. Records processed: 10000/54000
2024-11-24 19:55:42,652 - Batch 11 sent. Records processed: 11000/54000
2024-11-24 19:55:43,173 - Batch 12 sent. Records processed: 12000/54000
2024-11-24 19:55:43,697 - Batch 13 sent. Records processed: 13000/54000
2024-11-24 19:55:44,216 - Batch 14 sent. Records processed: 14000/54000
2024-11-24 19:55:44,629 - Batch 15 sent. Records processed: 15000/54000
2024-11-24 19:55:45,183 - Batch 16 sent. Records processed: 16000/54000
2024-11-24 19:55:45,701 - Batch 17 sent. Records processed: 17000/54000
2024-11-24 19:55:46,221 - Batch 18 sent. Records processed: 18000/54000
2024-11-24 19:55:46,735 - Batch 19 sent. Records processed: 19000/54000
2024-11-24 19:55:47,241 - Batch 20 sent. Records processed: 20000/54000
2024-11-24 19:55:47,735 - Batch 21 sent. Records processed: 21000/54000
2024-11-24 19:55:48,242 - Batch 22 sent. Records processed: 22000/54000
2024-11-24 19:55:48,728 - Batch 23 sent. Records processed: 23000/54000
2024-11-24 19:55:49,237 - Batch 24 sent. Records processed: 24000/54000
2024-11-24 19:55:49,727 - Batch 25 sent. Records processed: 25000/54000
2024-11-24 19:55:50,117 - Batch 26 sent. Records processed: 26000/54000
2024-11-24 19:55:50,720 - Batch 27 sent. Records processed: 27000/54000
2024-11-24 19:55:51,235 - Batch 28 sent. Records processed: 28000/54000
2024-11-24 19:55:51,742 - Batch 29 sent. Records processed: 29000/54000
2024-11-24 19:55:52,256 - Batch 30 sent. Records processed: 30000/54000
2024-11-24 19:55:52,758 - Batch 31 sent. Records processed: 31000/54000
2024-11-24 19:55:53,267 - Batch 32 sent. Records processed: 32000/54000
2024-11-24 19:55:53,777 - Batch 33 sent. Records processed: 33000/54000
2024-11-24 19:55:54,268 - Batch 34 sent. Records processed: 34000/54000
2024-11-24 19:55:54,780 - Batch 35 sent. Records processed: 35000/54000
2024-11-24 19:55:55,282 - Batch 36 sent. Records processed: 36000/54000
2024-11-24 19:55:55,801 - Batch 37 sent. Records processed: 37000/54000
2024-11-24 19:55:56,312 - Batch 38 sent. Records processed: 38000/54000
2024-11-24 19:55:56,845 - Batch 39 sent. Records processed: 39000/54000
2024-11-24 19:55:57,369 - Batch 40 sent. Records processed: 40000/54000
2024-11-24 19:55:57,894 - Batch 41 sent. Records processed: 41000/54000
2024-11-24 19:55:58,395 - Batch 42 sent. Records processed: 42000/54000
2024-11-24 19:55:58,931 - Batch 43 sent. Records processed: 43000/54000
2024-11-24 19:55:59,423 - Batch 44 sent. Records processed: 44000/54000
2024-11-24 19:55:59,943 - Batch 45 sent. Records processed: 45000/54000
2024-11-24 19:56:00,471 - Batch 46 sent. Records processed: 46000/54000
2024-11-24 19:56:00,997 - Batch 47 sent. Records processed: 47000/54000
2024-11-24 19:56:01,512 - Batch 48 sent. Records processed: 48000/54000
2024-11-24 19:56:02,029 - Batch 49 sent. Records processed: 49000/54000
2024-11-24 19:56:02,529 - Batch 50 sent. Records processed: 50000/54000
2024-11-24 19:56:03,050 - Batch 51 sent. Records processed: 51000/54000
2024-11-24 19:56:03,575 - Batch 52 sent. Records processed: 52000/54000
2024-11-24 19:56:04,098 - Batch 53 sent. Records processed: 53000/54000
2024-11-24 19:56:04,624 - Batch 54 sent. Records processed: 54000/54000
2024-11-24 19:56:04,728 - Streaming completed. Total records sent: 54000
2024-11-24 19:56:04,728 - Closing the Kafka producer with 4294967.0 secs timeout.
2024-11-24 19:56:04,728 - <BrokerConnection node_id=1001 host=localhost:9092 <connected> [IPv6 ('::1', 9092, 0, 0)]>: Closing connection. 
2024-11-24 19:56:04,728 - Kafka Producer closed.
