2024-11-24 16:43:29,516 - Closing the Kafka producer with 0 secs timeout.
2024-11-24 16:43:29,517 - Proceeding to force close the producer since pending requests could not be completed within timeout 0.
2024-11-24 16:46:24,068 - <BrokerConnection node_id=1001 host=localhost:9092 <connecting> [IPv6 ('::1', 9092, 0, 0)]>: connecting to localhost:9092 [('::1', 9092, 0, 0) IPv6]
2024-11-24 16:46:24,070 - <BrokerConnection node_id=1001 host=localhost:9092 <connecting> [IPv6 ('::1', 9092, 0, 0)]>: Connection complete.
2024-11-24 16:46:24,071 - <BrokerConnection node_id=bootstrap-0 host=localhost:9092 <connected> [IPv6 ('::1', 9092, 0, 0)]>: Closing connection. 
2024-11-24 16:46:24,201 - Batch 1 sent. Records processed: 1000/280800
2024-11-24 16:46:25,302 - Batch 2 sent. Records processed: 2000/280800
2024-11-24 16:46:25,957 - Batch 3 sent. Records processed: 3000/280800
2024-11-24 16:46:26,746 - Batch 4 sent. Records processed: 4000/280800
2024-11-24 16:46:27,513 - Batch 5 sent. Records processed: 5000/280800
2024-11-24 16:46:28,325 - Batch 6 sent. Records processed: 6000/280800
2024-11-24 16:46:29,163 - Batch 7 sent. Records processed: 7000/280800
2024-11-24 16:46:29,929 - Batch 8 sent. Records processed: 8000/280800
2024-11-24 16:46:30,641 - Batch 9 sent. Records processed: 9000/280800
2024-11-24 16:46:31,327 - Batch 10 sent. Records processed: 10000/280800
2024-11-24 16:46:32,027 - Batch 11 sent. Records processed: 11000/280800
2024-11-24 16:46:32,814 - Batch 12 sent. Records processed: 12000/280800
2024-11-24 16:46:33,609 - Batch 13 sent. Records processed: 13000/280800
2024-11-24 16:46:34,339 - Batch 14 sent. Records processed: 14000/280800
2024-11-24 16:46:35,132 - Batch 15 sent. Records processed: 15000/280800
2024-11-24 16:46:35,808 - Batch 16 sent. Records processed: 16000/280800
2024-11-24 16:46:36,677 - Batch 17 sent. Records processed: 17000/280800
2024-11-24 16:46:37,459 - Batch 18 sent. Records processed: 18000/280800
2024-11-24 16:46:38,241 - Batch 19 sent. Records processed: 19000/280800
2024-11-24 16:46:38,898 - Batch 20 sent. Records processed: 20000/280800
2024-11-24 16:46:39,624 - Batch 21 sent. Records processed: 21000/280800
2024-11-24 16:46:40,385 - Batch 22 sent. Records processed: 22000/280800
2024-11-24 16:46:41,240 - Batch 23 sent. Records processed: 23000/280800
2024-11-24 16:46:41,947 - Batch 24 sent. Records processed: 24000/280800
2024-11-24 16:46:42,628 - Batch 25 sent. Records processed: 25000/280800
2024-11-24 16:46:43,280 - Batch 26 sent. Records processed: 26000/280800
2024-11-24 16:46:44,016 - Batch 27 sent. Records processed: 27000/280800
2024-11-24 16:46:44,727 - Batch 28 sent. Records processed: 28000/280800
2024-11-24 16:46:45,470 - Batch 29 sent. Records processed: 29000/280800
2024-11-24 16:46:46,137 - Batch 30 sent. Records processed: 30000/280800
2024-11-24 16:46:46,848 - Batch 31 sent. Records processed: 31000/280800
2024-11-24 16:46:47,509 - Batch 32 sent. Records processed: 32000/280800
2024-11-24 16:46:48,165 - Batch 33 sent. Records processed: 33000/280800
2024-11-24 16:46:48,875 - Batch 34 sent. Records processed: 34000/280800
2024-11-24 16:46:49,580 - Batch 35 sent. Records processed: 35000/280800
2024-11-24 16:46:50,309 - Batch 36 sent. Records processed: 36000/280800
2024-11-24 16:46:51,102 - Batch 37 sent. Records processed: 37000/280800
2024-11-24 16:46:51,897 - Batch 38 sent. Records processed: 38000/280800
2024-11-24 16:46:52,908 - Batch 39 sent. Records processed: 39000/280800
2024-11-24 16:46:54,033 - Batch 40 sent. Records processed: 40000/280800
2024-11-24 16:46:54,829 - Batch 41 sent. Records processed: 41000/280800
2024-11-24 16:46:55,638 - Batch 42 sent. Records processed: 42000/280800
2024-11-24 16:46:56,469 - Batch 43 sent. Records processed: 43000/280800
2024-11-24 16:46:57,289 - Batch 44 sent. Records processed: 44000/280800
2024-11-24 16:46:58,163 - Batch 45 sent. Records processed: 45000/280800
2024-11-24 16:46:59,015 - Batch 46 sent. Records processed: 46000/280800
2024-11-24 16:46:59,847 - Batch 47 sent. Records processed: 47000/280800
2024-11-24 16:47:00,609 - Batch 48 sent. Records processed: 48000/280800
2024-11-24 16:47:01,197 - Batch 49 sent. Records processed: 49000/280800
2024-11-24 16:47:01,950 - Batch 50 sent. Records processed: 50000/280800
2024-11-24 16:47:02,674 - Batch 51 sent. Records processed: 51000/280800
2024-11-24 16:47:03,456 - Batch 52 sent. Records processed: 52000/280800
2024-11-24 16:47:04,144 - Batch 53 sent. Records processed: 53000/280800
2024-11-24 16:47:04,870 - Batch 54 sent. Records processed: 54000/280800
2024-11-24 16:47:05,669 - Batch 55 sent. Records processed: 55000/280800
2024-11-24 16:47:06,333 - Batch 56 sent. Records processed: 56000/280800
2024-11-24 16:47:07,070 - Batch 57 sent. Records processed: 57000/280800
2024-11-24 16:47:07,789 - Batch 58 sent. Records processed: 58000/280800
2024-11-24 16:47:08,465 - Batch 59 sent. Records processed: 59000/280800
2024-11-24 16:47:09,176 - Batch 60 sent. Records processed: 60000/280800
2024-11-24 16:47:09,843 - Batch 61 sent. Records processed: 61000/280800
2024-11-24 16:47:10,556 - Batch 62 sent. Records processed: 62000/280800
2024-11-24 16:47:11,223 - Batch 63 sent. Records processed: 63000/280800
2024-11-24 16:47:11,955 - Batch 64 sent. Records processed: 64000/280800
2024-11-24 16:47:12,619 - Batch 65 sent. Records processed: 65000/280800
2024-11-24 16:47:13,329 - Batch 66 sent. Records processed: 66000/280800
2024-11-24 16:47:14,003 - Batch 67 sent. Records processed: 67000/280800
2024-11-24 16:47:14,741 - Batch 68 sent. Records processed: 68000/280800
2024-11-24 16:47:15,404 - Batch 69 sent. Records processed: 69000/280800
2024-11-24 16:47:16,173 - Batch 70 sent. Records processed: 70000/280800
2024-11-24 16:47:16,959 - Batch 71 sent. Records processed: 71000/280800
2024-11-24 16:47:17,673 - Batch 72 sent. Records processed: 72000/280800
2024-11-24 16:47:18,428 - Batch 73 sent. Records processed: 73000/280800
2024-11-24 16:47:19,102 - Batch 74 sent. Records processed: 74000/280800
2024-11-24 16:47:19,778 - Batch 75 sent. Records processed: 75000/280800
2024-11-24 16:47:20,467 - Batch 76 sent. Records processed: 76000/280800
2024-11-24 16:47:21,177 - Batch 77 sent. Records processed: 77000/280800
2024-11-24 16:47:21,839 - Batch 78 sent. Records processed: 78000/280800
2024-11-24 16:47:22,543 - Batch 79 sent. Records processed: 79000/280800
2024-11-24 16:47:23,183 - Batch 80 sent. Records processed: 80000/280800
2024-11-24 16:47:23,869 - Batch 81 sent. Records processed: 81000/280800
2024-11-24 16:47:24,550 - Batch 82 sent. Records processed: 82000/280800
2024-11-24 16:47:25,216 - Batch 83 sent. Records processed: 83000/280800
2024-11-24 16:47:25,900 - Batch 84 sent. Records processed: 84000/280800
2024-11-24 16:47:26,591 - Batch 85 sent. Records processed: 85000/280800
2024-11-24 16:47:27,295 - Batch 86 sent. Records processed: 86000/280800
2024-11-24 16:47:28,010 - Batch 87 sent. Records processed: 87000/280800
2024-11-24 16:47:28,807 - Batch 88 sent. Records processed: 88000/280800
2024-11-24 16:47:29,510 - Batch 89 sent. Records processed: 89000/280800
2024-11-24 16:47:30,186 - Batch 90 sent. Records processed: 90000/280800
2024-11-24 16:47:30,856 - Batch 91 sent. Records processed: 91000/280800
2024-11-24 16:47:31,585 - Batch 92 sent. Records processed: 92000/280800
2024-11-24 16:47:32,276 - Batch 93 sent. Records processed: 93000/280800
2024-11-24 16:47:33,030 - Batch 94 sent. Records processed: 94000/280800
2024-11-24 16:47:33,759 - Batch 95 sent. Records processed: 95000/280800
2024-11-24 16:47:34,424 - Batch 96 sent. Records processed: 96000/280800
2024-11-24 16:47:35,088 - Batch 97 sent. Records processed: 97000/280800
2024-11-24 16:47:35,793 - Batch 98 sent. Records processed: 98000/280800
2024-11-24 16:47:36,461 - Batch 99 sent. Records processed: 99000/280800
2024-11-24 16:47:37,143 - Batch 100 sent. Records processed: 100000/280800
2024-11-24 16:47:37,852 - Batch 101 sent. Records processed: 101000/280800
2024-11-24 16:47:38,551 - Batch 102 sent. Records processed: 102000/280800
2024-11-24 16:47:39,241 - Batch 103 sent. Records processed: 103000/280800
2024-11-24 16:47:39,897 - Batch 104 sent. Records processed: 104000/280800
2024-11-24 16:47:40,610 - Batch 105 sent. Records processed: 105000/280800
2024-11-24 16:47:41,279 - Batch 106 sent. Records processed: 106000/280800
2024-11-24 16:47:42,044 - Batch 107 sent. Records processed: 107000/280800
2024-11-24 16:47:42,690 - Batch 108 sent. Records processed: 108000/280800
2024-11-24 16:47:43,343 - Batch 109 sent. Records processed: 109000/280800
2024-11-24 16:47:44,143 - Batch 110 sent. Records processed: 110000/280800
2024-11-24 16:47:44,839 - Batch 111 sent. Records processed: 111000/280800
2024-11-24 16:47:45,516 - Batch 112 sent. Records processed: 112000/280800
2024-11-24 16:47:46,307 - Batch 113 sent. Records processed: 113000/280800
2024-11-24 16:47:47,002 - Batch 114 sent. Records processed: 114000/280800
2024-11-24 16:47:47,759 - Batch 115 sent. Records processed: 115000/280800
2024-11-24 16:47:48,468 - Batch 116 sent. Records processed: 116000/280800
2024-11-24 16:47:49,121 - Batch 117 sent. Records processed: 117000/280800
2024-11-24 16:47:49,790 - Batch 118 sent. Records processed: 118000/280800
2024-11-24 16:47:50,482 - Batch 119 sent. Records processed: 119000/280800
2024-11-24 16:47:51,207 - Batch 120 sent. Records processed: 120000/280800
2024-11-24 16:47:51,917 - Batch 121 sent. Records processed: 121000/280800
2024-11-24 16:47:52,653 - Batch 122 sent. Records processed: 122000/280800
2024-11-24 16:47:53,377 - Batch 123 sent. Records processed: 123000/280800
2024-11-24 16:47:54,090 - Batch 124 sent. Records processed: 124000/280800
2024-11-24 16:47:54,798 - Batch 125 sent. Records processed: 125000/280800
2024-11-24 16:47:55,470 - Batch 126 sent. Records processed: 126000/280800
2024-11-24 16:47:56,133 - Batch 127 sent. Records processed: 127000/280800
2024-11-24 16:47:56,873 - Batch 128 sent. Records processed: 128000/280800
2024-11-24 16:47:57,564 - Batch 129 sent. Records processed: 129000/280800
2024-11-24 16:47:58,211 - Batch 130 sent. Records processed: 130000/280800
2024-11-24 16:47:58,877 - Batch 131 sent. Records processed: 131000/280800
2024-11-24 16:47:59,659 - Batch 132 sent. Records processed: 132000/280800
2024-11-24 16:48:00,427 - Batch 133 sent. Records processed: 133000/280800
2024-11-24 16:48:01,136 - Batch 134 sent. Records processed: 134000/280800
2024-11-24 16:48:01,827 - Batch 135 sent. Records processed: 135000/280800
2024-11-24 16:48:02,514 - Batch 136 sent. Records processed: 136000/280800
2024-11-24 16:48:03,253 - Batch 137 sent. Records processed: 137000/280800
2024-11-24 16:48:03,919 - Batch 138 sent. Records processed: 138000/280800
2024-11-24 16:48:04,608 - Batch 139 sent. Records processed: 139000/280800
2024-11-24 16:48:05,302 - Batch 140 sent. Records processed: 140000/280800
2024-11-24 16:48:05,875 - Batch 141 sent. Records processed: 141000/280800
2024-11-24 16:48:06,665 - Batch 142 sent. Records processed: 142000/280800
2024-11-24 16:48:07,359 - Batch 143 sent. Records processed: 143000/280800
2024-11-24 16:48:08,014 - Batch 144 sent. Records processed: 144000/280800
2024-11-24 16:48:08,689 - Batch 145 sent. Records processed: 145000/280800
2024-11-24 16:48:09,413 - Batch 146 sent. Records processed: 146000/280800
2024-11-24 16:48:10,098 - Batch 147 sent. Records processed: 147000/280800
2024-11-24 16:48:10,911 - Batch 148 sent. Records processed: 148000/280800
2024-11-24 16:48:11,612 - Batch 149 sent. Records processed: 149000/280800
2024-11-24 16:48:12,321 - Batch 150 sent. Records processed: 150000/280800
2024-11-24 16:48:13,040 - Batch 151 sent. Records processed: 151000/280800
2024-11-24 16:48:13,829 - Batch 152 sent. Records processed: 152000/280800
2024-11-24 16:48:14,558 - Batch 153 sent. Records processed: 153000/280800
2024-11-24 16:48:15,236 - Batch 154 sent. Records processed: 154000/280800
2024-11-24 16:48:15,934 - Batch 155 sent. Records processed: 155000/280800
2024-11-24 16:48:16,611 - Batch 156 sent. Records processed: 156000/280800
2024-11-24 16:48:17,313 - Batch 157 sent. Records processed: 157000/280800
2024-11-24 16:48:18,089 - Batch 158 sent. Records processed: 158000/280800
2024-11-24 16:48:18,764 - Batch 159 sent. Records processed: 159000/280800
2024-11-24 16:48:19,425 - Batch 160 sent. Records processed: 160000/280800
2024-11-24 16:48:20,105 - Batch 161 sent. Records processed: 161000/280800
2024-11-24 16:48:20,797 - Batch 162 sent. Records processed: 162000/280800
2024-11-24 16:48:21,495 - Batch 163 sent. Records processed: 163000/280800
2024-11-24 16:48:22,275 - Batch 164 sent. Records processed: 164000/280800
2024-11-24 16:48:23,038 - Batch 165 sent. Records processed: 165000/280800
2024-11-24 16:48:23,726 - Batch 166 sent. Records processed: 166000/280800
2024-11-24 16:48:24,399 - Batch 167 sent. Records processed: 167000/280800
2024-11-24 16:48:25,101 - Batch 168 sent. Records processed: 168000/280800
2024-11-24 16:48:25,819 - Batch 169 sent. Records processed: 169000/280800
2024-11-24 16:48:26,518 - Batch 170 sent. Records processed: 170000/280800
2024-11-24 16:48:27,176 - Batch 171 sent. Records processed: 171000/280800
2024-11-24 16:48:27,872 - Batch 172 sent. Records processed: 172000/280800
2024-11-24 16:48:28,539 - Batch 173 sent. Records processed: 173000/280800
2024-11-24 16:48:29,305 - Batch 174 sent. Records processed: 174000/280800
2024-11-24 16:48:30,041 - Batch 175 sent. Records processed: 175000/280800
2024-11-24 16:48:30,686 - Batch 176 sent. Records processed: 176000/280800
2024-11-24 16:48:31,333 - Batch 177 sent. Records processed: 177000/280800
2024-11-24 16:48:32,007 - Batch 178 sent. Records processed: 178000/280800
2024-11-24 16:48:32,716 - Batch 179 sent. Records processed: 179000/280800
2024-11-24 16:48:33,415 - Batch 180 sent. Records processed: 180000/280800
2024-11-24 16:48:34,084 - Batch 181 sent. Records processed: 181000/280800
2024-11-24 16:48:34,733 - Batch 182 sent. Records processed: 182000/280800
2024-11-24 16:48:35,528 - Batch 183 sent. Records processed: 183000/280800
2024-11-24 16:48:36,181 - Batch 184 sent. Records processed: 184000/280800
2024-11-24 16:48:36,890 - Batch 185 sent. Records processed: 185000/280800
2024-11-24 16:48:37,574 - Batch 186 sent. Records processed: 186000/280800
2024-11-24 16:48:38,213 - Batch 187 sent. Records processed: 187000/280800
2024-11-24 16:48:38,878 - Batch 188 sent. Records processed: 188000/280800
2024-11-24 16:48:39,531 - Batch 189 sent. Records processed: 189000/280800
2024-11-24 16:48:40,180 - Batch 190 sent. Records processed: 190000/280800
2024-11-24 16:48:40,875 - Batch 191 sent. Records processed: 191000/280800
2024-11-24 16:48:41,532 - Batch 192 sent. Records processed: 192000/280800
2024-11-24 16:48:42,182 - Batch 193 sent. Records processed: 193000/280800
2024-11-24 16:48:42,847 - Batch 194 sent. Records processed: 194000/280800
2024-11-24 16:48:43,526 - Batch 195 sent. Records processed: 195000/280800
2024-11-24 16:48:44,230 - Batch 196 sent. Records processed: 196000/280800
2024-11-24 16:48:45,032 - Batch 197 sent. Records processed: 197000/280800
2024-11-24 16:48:45,727 - Batch 198 sent. Records processed: 198000/280800
2024-11-24 16:48:46,440 - Batch 199 sent. Records processed: 199000/280800
2024-11-24 16:48:47,106 - Batch 200 sent. Records processed: 200000/280800
2024-11-24 16:48:47,845 - Batch 201 sent. Records processed: 201000/280800
2024-11-24 16:48:48,526 - Batch 202 sent. Records processed: 202000/280800
2024-11-24 16:48:49,209 - Batch 203 sent. Records processed: 203000/280800
2024-11-24 16:48:49,870 - Batch 204 sent. Records processed: 204000/280800
2024-11-24 16:48:50,551 - Batch 205 sent. Records processed: 205000/280800
2024-11-24 16:48:51,248 - Batch 206 sent. Records processed: 206000/280800
2024-11-24 16:48:51,994 - Batch 207 sent. Records processed: 207000/280800
2024-11-24 16:48:52,741 - Batch 208 sent. Records processed: 208000/280800
2024-11-24 16:48:53,495 - Batch 209 sent. Records processed: 209000/280800
2024-11-24 16:48:54,227 - Batch 210 sent. Records processed: 210000/280800
2024-11-24 16:48:54,980 - Batch 211 sent. Records processed: 211000/280800
2024-11-24 16:48:55,712 - Batch 212 sent. Records processed: 212000/280800
2024-11-24 16:48:56,461 - Batch 213 sent. Records processed: 213000/280800
2024-11-24 16:48:57,228 - Batch 214 sent. Records processed: 214000/280800
2024-11-24 16:48:58,001 - Batch 215 sent. Records processed: 215000/280800
2024-11-24 16:48:58,745 - Batch 216 sent. Records processed: 216000/280800
2024-11-24 16:48:59,467 - Batch 217 sent. Records processed: 217000/280800
2024-11-24 16:49:00,207 - Batch 218 sent. Records processed: 218000/280800
2024-11-24 16:49:00,928 - Batch 219 sent. Records processed: 219000/280800
2024-11-24 16:49:01,653 - Batch 220 sent. Records processed: 220000/280800
2024-11-24 16:49:02,437 - Batch 221 sent. Records processed: 221000/280800
2024-11-24 16:49:03,135 - Batch 222 sent. Records processed: 222000/280800
2024-11-24 16:49:03,902 - Batch 223 sent. Records processed: 223000/280800
2024-11-24 16:49:04,692 - Batch 224 sent. Records processed: 224000/280800
2024-11-24 16:49:05,415 - Batch 225 sent. Records processed: 225000/280800
2024-11-24 16:49:06,133 - Batch 226 sent. Records processed: 226000/280800
2024-11-24 16:49:06,831 - Batch 227 sent. Records processed: 227000/280800
2024-11-24 16:49:07,507 - Batch 228 sent. Records processed: 228000/280800
2024-11-24 16:49:08,238 - Batch 229 sent. Records processed: 229000/280800
2024-11-24 16:49:09,036 - Batch 230 sent. Records processed: 230000/280800
2024-11-24 16:49:09,767 - Batch 231 sent. Records processed: 231000/280800
2024-11-24 16:49:10,438 - Batch 232 sent. Records processed: 232000/280800
2024-11-24 16:49:11,111 - Batch 233 sent. Records processed: 233000/280800
2024-11-24 16:49:11,849 - Batch 234 sent. Records processed: 234000/280800
2024-11-24 16:49:12,567 - Batch 235 sent. Records processed: 235000/280800
2024-11-24 16:49:13,368 - Batch 236 sent. Records processed: 236000/280800
2024-11-24 16:49:14,045 - Batch 237 sent. Records processed: 237000/280800
2024-11-24 16:49:14,745 - Batch 238 sent. Records processed: 238000/280800
2024-11-24 16:49:15,537 - Batch 239 sent. Records processed: 239000/280800
2024-11-24 16:49:16,252 - Batch 240 sent. Records processed: 240000/280800
2024-11-24 16:49:16,914 - Batch 241 sent. Records processed: 241000/280800
2024-11-24 16:49:17,588 - Batch 242 sent. Records processed: 242000/280800
2024-11-24 16:49:18,278 - Batch 243 sent. Records processed: 243000/280800
2024-11-24 16:49:18,951 - Batch 244 sent. Records processed: 244000/280800
2024-11-24 16:49:19,650 - Batch 245 sent. Records processed: 245000/280800
2024-11-24 16:49:20,376 - Batch 246 sent. Records processed: 246000/280800
2024-11-24 16:49:21,033 - Batch 247 sent. Records processed: 247000/280800
2024-11-24 16:49:21,693 - Batch 248 sent. Records processed: 248000/280800
2024-11-24 16:49:22,456 - Batch 249 sent. Records processed: 249000/280800
2024-11-24 16:49:23,107 - Batch 250 sent. Records processed: 250000/280800
2024-11-24 16:49:23,777 - Batch 251 sent. Records processed: 251000/280800
2024-11-24 16:49:24,456 - Batch 252 sent. Records processed: 252000/280800
2024-11-24 16:49:25,158 - Batch 253 sent. Records processed: 253000/280800
2024-11-24 16:49:25,842 - Batch 254 sent. Records processed: 254000/280800
2024-11-24 16:49:26,559 - Batch 255 sent. Records processed: 255000/280800
2024-11-24 16:49:27,237 - Batch 256 sent. Records processed: 256000/280800
2024-11-24 16:49:27,940 - Batch 257 sent. Records processed: 257000/280800
2024-11-24 16:49:28,641 - Batch 258 sent. Records processed: 258000/280800
2024-11-24 16:49:29,409 - Batch 259 sent. Records processed: 259000/280800
2024-11-24 16:49:30,162 - Batch 260 sent. Records processed: 260000/280800
2024-11-24 16:49:31,035 - Batch 261 sent. Records processed: 261000/280800
2024-11-24 16:49:31,778 - Batch 262 sent. Records processed: 262000/280800
2024-11-24 16:49:32,541 - Batch 263 sent. Records processed: 263000/280800
2024-11-24 16:49:33,247 - Batch 264 sent. Records processed: 264000/280800
2024-11-24 16:49:33,923 - Batch 265 sent. Records processed: 265000/280800
2024-11-24 16:49:34,636 - Batch 266 sent. Records processed: 266000/280800
2024-11-24 16:49:35,338 - Batch 267 sent. Records processed: 267000/280800
2024-11-24 16:49:36,019 - Batch 268 sent. Records processed: 268000/280800
2024-11-24 16:49:36,697 - Batch 269 sent. Records processed: 269000/280800
2024-11-24 16:49:37,340 - Batch 270 sent. Records processed: 270000/280800
2024-11-24 16:49:38,039 - Batch 271 sent. Records processed: 271000/280800
2024-11-24 16:49:38,726 - Batch 272 sent. Records processed: 272000/280800
2024-11-24 16:49:39,453 - Batch 273 sent. Records processed: 273000/280800
2024-11-24 16:49:40,122 - Batch 274 sent. Records processed: 274000/280800
2024-11-24 16:49:40,853 - Batch 275 sent. Records processed: 275000/280800
2024-11-24 16:49:41,599 - Batch 276 sent. Records processed: 276000/280800
2024-11-24 16:49:42,281 - Batch 277 sent. Records processed: 277000/280800
2024-11-24 16:49:43,047 - Batch 278 sent. Records processed: 278000/280800
2024-11-24 16:49:43,743 - Batch 279 sent. Records processed: 279000/280800
2024-11-24 16:49:44,452 - Batch 280 sent. Records processed: 280000/280800
2024-11-24 16:49:45,004 - Batch 281 sent. Records processed: 280800/280800
2024-11-24 16:49:45,108 - Streaming completed. Total records sent: 280800
2024-11-24 16:49:45,109 - Closing the Kafka producer with 4294967.0 secs timeout.
2024-11-24 16:49:45,109 - <BrokerConnection node_id=1001 host=localhost:9092 <connected> [IPv6 ('::1', 9092, 0, 0)]>: Closing connection. 
2024-11-24 16:49:45,110 - Kafka Producer closed.
